running egg_info
writing ../../build/btserial_reciever/btserial_reciever.egg-info/PKG-INFO
writing dependency_links to ../../build/btserial_reciever/btserial_reciever.egg-info/dependency_links.txt
writing entry points to ../../build/btserial_reciever/btserial_reciever.egg-info/entry_points.txt
writing requirements to ../../build/btserial_reciever/btserial_reciever.egg-info/requires.txt
writing top-level names to ../../build/btserial_reciever/btserial_reciever.egg-info/top_level.txt
reading manifest file '../../build/btserial_reciever/btserial_reciever.egg-info/SOURCES.txt'
adding license file 'LICENSE'
writing manifest file '../../build/btserial_reciever/btserial_reciever.egg-info/SOURCES.txt'
running build
running build_py
running install
running install_lib
running install_data
running install_egg_info
removing '/home/jcgg/robocol_ws/GcodeMaster/install/btserial_reciever/lib/python3.10/site-packages/btserial_reciever-1.0.0-py3.10.egg-info' (and everything under it)
Copying ../../build/btserial_reciever/btserial_reciever.egg-info to /home/jcgg/robocol_ws/GcodeMaster/install/btserial_reciever/lib/python3.10/site-packages/btserial_reciever-1.0.0-py3.10.egg-info
running install_scripts
Installing reciever script to /home/jcgg/robocol_ws/GcodeMaster/install/btserial_reciever/lib/btserial_reciever
Installing translate_quaternion script to /home/jcgg/robocol_ws/GcodeMaster/install/btserial_reciever/lib/btserial_reciever
writing list of installed files to '/home/jcgg/robocol_ws/GcodeMaster/build/btserial_reciever/install.log'
