[1.477s] Invoking command in '/home/jcgg/robocol_ws/GcodeMaster/src/btserial_reciever': PYTHONPATH=/home/jcgg/robocol_ws/GcodeMaster/build/btserial_reciever/prefix_override:/home/jcgg/robocol_ws/GcodeMaster/install/btserial_reciever/lib/python3.10/site-packages:${PYTHONPATH} /usr/bin/python3 setup.py egg_info --egg-base ../../build/btserial_reciever build --build-base /home/jcgg/robocol_ws/GcodeMaster/build/btserial_reciever/build install --record /home/jcgg/robocol_ws/GcodeMaster/build/btserial_reciever/install.log --single-version-externally-managed
[1.736s] running egg_info
[1.736s] creating ../../build/btserial_reciever/btserial_reciever.egg-info
[1.756s] writing ../../build/btserial_reciever/btserial_reciever.egg-info/PKG-INFO
[1.756s] writing dependency_links to ../../build/btserial_reciever/btserial_reciever.egg-info/dependency_links.txt
[1.757s] writing entry points to ../../build/btserial_reciever/btserial_reciever.egg-info/entry_points.txt
[1.757s] writing requirements to ../../build/btserial_reciever/btserial_reciever.egg-info/requires.txt
[1.757s] writing top-level names to ../../build/btserial_reciever/btserial_reciever.egg-info/top_level.txt
[1.757s] writing manifest file '../../build/btserial_reciever/btserial_reciever.egg-info/SOURCES.txt'
[1.797s] reading manifest file '../../build/btserial_reciever/btserial_reciever.egg-info/SOURCES.txt'
[1.797s] adding license file 'LICENSE'
[1.798s] writing manifest file '../../build/btserial_reciever/btserial_reciever.egg-info/SOURCES.txt'
[1.798s] running build
[1.799s] running build_py
[1.799s] creating /home/jcgg/robocol_ws/GcodeMaster/build/btserial_reciever/build
[1.799s] creating /home/jcgg/robocol_ws/GcodeMaster/build/btserial_reciever/build/lib
[1.799s] creating /home/jcgg/robocol_ws/GcodeMaster/build/btserial_reciever/build/lib/btserial_reciever
[1.799s] copying btserial_reciever/reciever.py -> /home/jcgg/robocol_ws/GcodeMaster/build/btserial_reciever/build/lib/btserial_reciever
[1.800s] copying btserial_reciever/__init__.py -> /home/jcgg/robocol_ws/GcodeMaster/build/btserial_reciever/build/lib/btserial_reciever
[1.800s] copying btserial_reciever/translate_quaternion.py -> /home/jcgg/robocol_ws/GcodeMaster/build/btserial_reciever/build/lib/btserial_reciever
[1.800s] running install
[1.801s] /home/jcgg/.local/lib/python3.10/site-packages/setuptools/_distutils/cmd.py:66: SetuptoolsDeprecationWarning: setup.py install is deprecated.
[1.801s] !!
[1.801s] 
[1.801s]         ********************************************************************************
[1.801s]         Please avoid running ``setup.py`` directly.
[1.801s]         Instead, use pypa/build, pypa/installer or other
[1.801s]         standards-based tools.
[1.801s] 
[1.802s]         See https://blog.ganssle.io/articles/2021/10/setup-py-deprecated.html for details.
[1.802s]         ********************************************************************************
[1.802s] 
[1.802s] !!
[1.802s]   self.initialize_options()
[1.807s] running install_lib
[1.830s] creating /home/jcgg/robocol_ws/GcodeMaster/install/btserial_reciever/lib/python3.10/site-packages/btserial_reciever
[1.830s] copying /home/jcgg/robocol_ws/GcodeMaster/build/btserial_reciever/build/lib/btserial_reciever/reciever.py -> /home/jcgg/robocol_ws/GcodeMaster/install/btserial_reciever/lib/python3.10/site-packages/btserial_reciever
[1.830s] copying /home/jcgg/robocol_ws/GcodeMaster/build/btserial_reciever/build/lib/btserial_reciever/__init__.py -> /home/jcgg/robocol_ws/GcodeMaster/install/btserial_reciever/lib/python3.10/site-packages/btserial_reciever
[1.830s] copying /home/jcgg/robocol_ws/GcodeMaster/build/btserial_reciever/build/lib/btserial_reciever/translate_quaternion.py -> /home/jcgg/robocol_ws/GcodeMaster/install/btserial_reciever/lib/python3.10/site-packages/btserial_reciever
[1.831s] byte-compiling /home/jcgg/robocol_ws/GcodeMaster/install/btserial_reciever/lib/python3.10/site-packages/btserial_reciever/reciever.py to reciever.cpython-310.pyc
[1.834s] byte-compiling /home/jcgg/robocol_ws/GcodeMaster/install/btserial_reciever/lib/python3.10/site-packages/btserial_reciever/__init__.py to __init__.cpython-310.pyc
[1.834s] byte-compiling /home/jcgg/robocol_ws/GcodeMaster/install/btserial_reciever/lib/python3.10/site-packages/btserial_reciever/translate_quaternion.py to translate_quaternion.cpython-310.pyc
[1.835s] running install_data
[1.855s] creating /home/jcgg/robocol_ws/GcodeMaster/install/btserial_reciever/share/ament_index
[1.855s] creating /home/jcgg/robocol_ws/GcodeMaster/install/btserial_reciever/share/ament_index/resource_index
[1.856s] creating /home/jcgg/robocol_ws/GcodeMaster/install/btserial_reciever/share/ament_index/resource_index/packages
[1.856s] copying resource/btserial_reciever -> /home/jcgg/robocol_ws/GcodeMaster/install/btserial_reciever/share/ament_index/resource_index/packages
[1.856s] copying package.xml -> /home/jcgg/robocol_ws/GcodeMaster/install/btserial_reciever/share/btserial_reciever
[1.856s] running install_egg_info
[1.877s] Copying ../../build/btserial_reciever/btserial_reciever.egg-info to /home/jcgg/robocol_ws/GcodeMaster/install/btserial_reciever/lib/python3.10/site-packages/btserial_reciever-1.0.0-py3.10.egg-info
[1.878s] running install_scripts
[2.053s] Installing reciever script to /home/jcgg/robocol_ws/GcodeMaster/install/btserial_reciever/lib/btserial_reciever
[2.053s] Installing translate_quaternion script to /home/jcgg/robocol_ws/GcodeMaster/install/btserial_reciever/lib/btserial_reciever
[2.053s] writing list of installed files to '/home/jcgg/robocol_ws/GcodeMaster/build/btserial_reciever/install.log'
[2.086s] Invoked command in '/home/jcgg/robocol_ws/GcodeMaster/src/btserial_reciever' returned '0': PYTHONPATH=/home/jcgg/robocol_ws/GcodeMaster/build/btserial_reciever/prefix_override:/home/jcgg/robocol_ws/GcodeMaster/install/btserial_reciever/lib/python3.10/site-packages:${PYTHONPATH} /usr/bin/python3 setup.py egg_info --egg-base ../../build/btserial_reciever build --build-base /home/jcgg/robocol_ws/GcodeMaster/build/btserial_reciever/build install --record /home/jcgg/robocol_ws/GcodeMaster/build/btserial_reciever/install.log --single-version-externally-managed
