running egg_info
writing ../../build/gcode_executor/gcode_executor.egg-info/PKG-INFO
writing dependency_links to ../../build/gcode_executor/gcode_executor.egg-info/dependency_links.txt
writing entry points to ../../build/gcode_executor/gcode_executor.egg-info/entry_points.txt
writing requirements to ../../build/gcode_executor/gcode_executor.egg-info/requires.txt
writing top-level names to ../../build/gcode_executor/gcode_executor.egg-info/top_level.txt
reading manifest file '../../build/gcode_executor/gcode_executor.egg-info/SOURCES.txt'
writing manifest file '../../build/gcode_executor/gcode_executor.egg-info/SOURCES.txt'
running build
running build_py
running install
running install_lib
running install_data
running install_egg_info
removing '/home/jcgg/robocol_ws/GcodeMaster/install/gcode_executor/lib/python3.10/site-packages/gcode_executor-1.0.0-py3.10.egg-info' (and everything under it)
Copying ../../build/gcode_executor/gcode_executor.egg-info to /home/jcgg/robocol_ws/GcodeMaster/install/gcode_executor/lib/python3.10/site-packages/gcode_executor-1.0.0-py3.10.egg-info
running install_scripts
Installing gcode_reader script to /home/jcgg/robocol_ws/GcodeMaster/install/gcode_executor/lib/gcode_executor
Installing gui script to /home/jcgg/robocol_ws/GcodeMaster/install/gcode_executor/lib/gcode_executor
writing list of installed files to '/home/jcgg/robocol_ws/GcodeMaster/build/gcode_executor/install.log'
