[1.426s] Invoking command in '/home/jcgg/robocol_ws/GcodeMaster/src/gcode_executor': PYTHONPATH=/home/jcgg/robocol_ws/GcodeMaster/build/gcode_executor/prefix_override:/home/jcgg/robocol_ws/GcodeMaster/install/gcode_executor/lib/python3.10/site-packages:${PYTHONPATH} /usr/bin/python3 setup.py egg_info --egg-base ../../build/gcode_executor build --build-base /home/jcgg/robocol_ws/GcodeMaster/build/gcode_executor/build install --record /home/jcgg/robocol_ws/GcodeMaster/build/gcode_executor/install.log --single-version-externally-managed
[1.683s] running egg_info
[1.701s] writing ../../build/gcode_executor/gcode_executor.egg-info/PKG-INFO
[1.701s] writing dependency_links to ../../build/gcode_executor/gcode_executor.egg-info/dependency_links.txt
[1.701s] writing entry points to ../../build/gcode_executor/gcode_executor.egg-info/entry_points.txt
[1.701s] writing requirements to ../../build/gcode_executor/gcode_executor.egg-info/requires.txt
[1.702s] writing top-level names to ../../build/gcode_executor/gcode_executor.egg-info/top_level.txt
[1.743s] reading manifest file '../../build/gcode_executor/gcode_executor.egg-info/SOURCES.txt'
[1.744s] writing manifest file '../../build/gcode_executor/gcode_executor.egg-info/SOURCES.txt'
[1.745s] running build
[1.745s] running build_py
[1.745s] running install
[1.745s] /home/jcgg/.local/lib/python3.10/site-packages/setuptools/_distutils/cmd.py:66: SetuptoolsDeprecationWarning: setup.py install is deprecated.
[1.746s] !!
[1.746s] 
[1.746s]         ********************************************************************************
[1.746s]         Please avoid running ``setup.py`` directly.
[1.746s]         Instead, use pypa/build, pypa/installer or other
[1.746s]         standards-based tools.
[1.746s] 
[1.746s]         See https://blog.ganssle.io/articles/2021/10/setup-py-deprecated.html for details.
[1.746s]         ********************************************************************************
[1.746s] 
[1.746s] !!
[1.746s]   self.initialize_options()
[1.751s] running install_lib
[1.771s] running install_data
[1.789s] running install_egg_info
[1.808s] removing '/home/jcgg/robocol_ws/GcodeMaster/install/gcode_executor/lib/python3.10/site-packages/gcode_executor-1.0.0-py3.10.egg-info' (and everything under it)
[1.809s] Copying ../../build/gcode_executor/gcode_executor.egg-info to /home/jcgg/robocol_ws/GcodeMaster/install/gcode_executor/lib/python3.10/site-packages/gcode_executor-1.0.0-py3.10.egg-info
[1.810s] running install_scripts
[1.984s] Installing gcode_reader script to /home/jcgg/robocol_ws/GcodeMaster/install/gcode_executor/lib/gcode_executor
[1.985s] Installing gui script to /home/jcgg/robocol_ws/GcodeMaster/install/gcode_executor/lib/gcode_executor
[1.985s] writing list of installed files to '/home/jcgg/robocol_ws/GcodeMaster/build/gcode_executor/install.log'
[2.015s] Invoked command in '/home/jcgg/robocol_ws/GcodeMaster/src/gcode_executor' returned '0': PYTHONPATH=/home/jcgg/robocol_ws/GcodeMaster/build/gcode_executor/prefix_override:/home/jcgg/robocol_ws/GcodeMaster/install/gcode_executor/lib/python3.10/site-packages:${PYTHONPATH} /usr/bin/python3 setup.py egg_info --egg-base ../../build/gcode_executor build --build-base /home/jcgg/robocol_ws/GcodeMaster/build/gcode_executor/build install --record /home/jcgg/robocol_ws/GcodeMaster/build/gcode_executor/install.log --single-version-externally-managed
