[1.498s] DEBUG:colcon:Command line arguments: ['/usr/bin/colcon', 'build']
[1.498s] DEBUG:colcon:Parsed command line arguments: Namespace(log_base=None, log_level=None, verb_name='build', build_base='build', install_base='install', merge_install=False, symlink_install=False, test_result_base=None, continue_on_error=False, executor='parallel', parallel_workers=8, event_handlers=None, ignore_user_meta=False, metas=['./colcon.meta'], base_paths=['.'], packages_ignore=None, packages_ignore_regex=None, paths=None, packages_up_to=None, packages_up_to_regex=None, packages_above=None, packages_above_and_dependencies=None, packages_above_depth=None, packages_select_by_dep=None, packages_skip_by_dep=None, packages_skip_up_to=None, packages_select_build_failed=False, packages_skip_build_finished=False, packages_select_test_failures=False, packages_skip_test_passed=False, packages_select=None, packages_skip=None, packages_select_regex=None, packages_skip_regex=None, packages_start=None, packages_end=None, allow_overriding=[], cmake_args=None, cmake_target=None, cmake_target_skip_unavailable=False, cmake_clean_cache=False, cmake_clean_first=False, cmake_force_configure=False, ament_cmake_args=None, catkin_cmake_args=None, catkin_skip_building_tests=False, mixin_files=None, mixin=None, verb_parser=<colcon_mixin.mixin.mixin_argument.MixinArgumentDecorator object at 0x7fc33bc940a0>, verb_extension=<colcon_core.verb.build.BuildVerb object at 0x7fc33bc3c8e0>, main=<bound method BuildVerb.main of <colcon_core.verb.build.BuildVerb object at 0x7fc33bc3c8e0>>, mixin_verb=('build',))
[1.562s] Level 1:colcon.colcon_core.package_discovery:discover_packages(colcon_meta) check parameters
[1.562s] Level 1:colcon.colcon_core.package_discovery:discover_packages(recursive) check parameters
[1.562s] Level 1:colcon.colcon_core.package_discovery:discover_packages(ignore) check parameters
[1.562s] Level 1:colcon.colcon_core.package_discovery:discover_packages(path) check parameters
[1.562s] Level 1:colcon.colcon_core.package_discovery:discover_packages(colcon_meta) discover
[1.562s] Level 1:colcon.colcon_core.package_discovery:discover_packages(recursive) discover
[1.562s] INFO:colcon.colcon_core.package_discovery:Crawling recursively for packages in '/home/jcgg/robocol_ws/GcodeMaster'
[1.562s] Level 1:colcon.colcon_core.package_identification:_identify(.) by extensions ['ignore', 'ignore_ament_install']
[1.562s] Level 1:colcon.colcon_core.package_identification:_identify(.) by extension 'ignore'
[1.562s] Level 1:colcon.colcon_core.package_identification:_identify(.) by extension 'ignore_ament_install'
[1.562s] Level 1:colcon.colcon_core.package_identification:_identify(.) by extensions ['colcon_pkg']
[1.563s] Level 1:colcon.colcon_core.package_identification:_identify(.) by extension 'colcon_pkg'
[1.563s] Level 1:colcon.colcon_core.package_identification:_identify(.) by extensions ['colcon_meta']
[1.563s] Level 1:colcon.colcon_core.package_identification:_identify(.) by extension 'colcon_meta'
[1.563s] Level 1:colcon.colcon_core.package_identification:_identify(.) by extensions ['ros']
[1.563s] Level 1:colcon.colcon_core.package_identification:_identify(.) by extension 'ros'
[1.577s] Level 1:colcon.colcon_core.package_identification:_identify(.) by extensions ['cmake', 'python']
[1.577s] Level 1:colcon.colcon_core.package_identification:_identify(.) by extension 'cmake'
[1.578s] Level 1:colcon.colcon_core.package_identification:_identify(.) by extension 'python'
[1.578s] Level 1:colcon.colcon_core.package_identification:_identify(.) by extensions ['python_setup_py']
[1.578s] Level 1:colcon.colcon_core.package_identification:_identify(.) by extension 'python_setup_py'
[1.578s] Level 1:colcon.colcon_core.package_identification:_identify(build) by extensions ['ignore', 'ignore_ament_install']
[1.578s] Level 1:colcon.colcon_core.package_identification:_identify(build) by extension 'ignore'
[1.578s] Level 1:colcon.colcon_core.package_identification:_identify(build) ignored
[1.578s] Level 1:colcon.colcon_core.package_identification:_identify(install) by extensions ['ignore', 'ignore_ament_install']
[1.578s] Level 1:colcon.colcon_core.package_identification:_identify(install) by extension 'ignore'
[1.578s] Level 1:colcon.colcon_core.package_identification:_identify(install) ignored
[1.578s] Level 1:colcon.colcon_core.package_identification:_identify(log) by extensions ['ignore', 'ignore_ament_install']
[1.578s] Level 1:colcon.colcon_core.package_identification:_identify(log) by extension 'ignore'
[1.578s] Level 1:colcon.colcon_core.package_identification:_identify(log) ignored
[1.579s] Level 1:colcon.colcon_core.package_identification:_identify(src) by extensions ['ignore', 'ignore_ament_install']
[1.579s] Level 1:colcon.colcon_core.package_identification:_identify(src) by extension 'ignore'
[1.579s] Level 1:colcon.colcon_core.package_identification:_identify(src) by extension 'ignore_ament_install'
[1.579s] Level 1:colcon.colcon_core.package_identification:_identify(src) by extensions ['colcon_pkg']
[1.579s] Level 1:colcon.colcon_core.package_identification:_identify(src) by extension 'colcon_pkg'
[1.579s] Level 1:colcon.colcon_core.package_identification:_identify(src) by extensions ['colcon_meta']
[1.579s] Level 1:colcon.colcon_core.package_identification:_identify(src) by extension 'colcon_meta'
[1.579s] Level 1:colcon.colcon_core.package_identification:_identify(src) by extensions ['ros']
[1.579s] Level 1:colcon.colcon_core.package_identification:_identify(src) by extension 'ros'
[1.579s] Level 1:colcon.colcon_core.package_identification:_identify(src) by extensions ['cmake', 'python']
[1.579s] Level 1:colcon.colcon_core.package_identification:_identify(src) by extension 'cmake'
[1.579s] Level 1:colcon.colcon_core.package_identification:_identify(src) by extension 'python'
[1.579s] Level 1:colcon.colcon_core.package_identification:_identify(src) by extensions ['python_setup_py']
[1.579s] Level 1:colcon.colcon_core.package_identification:_identify(src) by extension 'python_setup_py'
[1.579s] Level 1:colcon.colcon_core.package_identification:_identify(src/black_arm) by extensions ['ignore', 'ignore_ament_install']
[1.579s] Level 1:colcon.colcon_core.package_identification:_identify(src/black_arm) by extension 'ignore'
[1.579s] Level 1:colcon.colcon_core.package_identification:_identify(src/black_arm) by extension 'ignore_ament_install'
[1.579s] Level 1:colcon.colcon_core.package_identification:_identify(src/black_arm) by extensions ['colcon_pkg']
[1.579s] Level 1:colcon.colcon_core.package_identification:_identify(src/black_arm) by extension 'colcon_pkg'
[1.580s] Level 1:colcon.colcon_core.package_identification:_identify(src/black_arm) by extensions ['colcon_meta']
[1.580s] Level 1:colcon.colcon_core.package_identification:_identify(src/black_arm) by extension 'colcon_meta'
[1.580s] Level 1:colcon.colcon_core.package_identification:_identify(src/black_arm) by extensions ['ros']
[1.580s] Level 1:colcon.colcon_core.package_identification:_identify(src/black_arm) by extension 'ros'
[1.582s] DEBUG:colcon.colcon_core.package_identification:Package 'src/black_arm' with type 'ros.ament_cmake' and name 'black_arm'
[1.582s] Level 1:colcon.colcon_core.package_identification:_identify(src/btserial_reciever) by extensions ['ignore', 'ignore_ament_install']
[1.582s] Level 1:colcon.colcon_core.package_identification:_identify(src/btserial_reciever) by extension 'ignore'
[1.583s] Level 1:colcon.colcon_core.package_identification:_identify(src/btserial_reciever) by extension 'ignore_ament_install'
[1.583s] Level 1:colcon.colcon_core.package_identification:_identify(src/btserial_reciever) by extensions ['colcon_pkg']
[1.583s] Level 1:colcon.colcon_core.package_identification:_identify(src/btserial_reciever) by extension 'colcon_pkg'
[1.583s] Level 1:colcon.colcon_core.package_identification:_identify(src/btserial_reciever) by extensions ['colcon_meta']
[1.583s] Level 1:colcon.colcon_core.package_identification:_identify(src/btserial_reciever) by extension 'colcon_meta'
[1.583s] Level 1:colcon.colcon_core.package_identification:_identify(src/btserial_reciever) by extensions ['ros']
[1.583s] Level 1:colcon.colcon_core.package_identification:_identify(src/btserial_reciever) by extension 'ros'
[1.583s] DEBUG:colcon.colcon_core.package_identification:Package 'src/btserial_reciever' with type 'ros.ament_python' and name 'btserial_reciever'
[1.584s] Level 1:colcon.colcon_core.package_identification:_identify(src/gcode_executor) by extensions ['ignore', 'ignore_ament_install']
[1.584s] Level 1:colcon.colcon_core.package_identification:_identify(src/gcode_executor) by extension 'ignore'
[1.584s] Level 1:colcon.colcon_core.package_identification:_identify(src/gcode_executor) by extension 'ignore_ament_install'
[1.584s] Level 1:colcon.colcon_core.package_identification:_identify(src/gcode_executor) by extensions ['colcon_pkg']
[1.584s] Level 1:colcon.colcon_core.package_identification:_identify(src/gcode_executor) by extension 'colcon_pkg'
[1.584s] Level 1:colcon.colcon_core.package_identification:_identify(src/gcode_executor) by extensions ['colcon_meta']
[1.584s] Level 1:colcon.colcon_core.package_identification:_identify(src/gcode_executor) by extension 'colcon_meta'
[1.584s] Level 1:colcon.colcon_core.package_identification:_identify(src/gcode_executor) by extensions ['ros']
[1.584s] Level 1:colcon.colcon_core.package_identification:_identify(src/gcode_executor) by extension 'ros'
[1.584s] DEBUG:colcon.colcon_core.package_identification:Package 'src/gcode_executor' with type 'ros.ament_python' and name 'gcode_executor'
[1.585s] Level 1:colcon.colcon_core.package_identification:_identify(src/robocol_arm_moveit2) by extensions ['ignore', 'ignore_ament_install']
[1.585s] Level 1:colcon.colcon_core.package_identification:_identify(src/robocol_arm_moveit2) by extension 'ignore'
[1.585s] Level 1:colcon.colcon_core.package_identification:_identify(src/robocol_arm_moveit2) by extension 'ignore_ament_install'
[1.585s] Level 1:colcon.colcon_core.package_identification:_identify(src/robocol_arm_moveit2) by extensions ['colcon_pkg']
[1.585s] Level 1:colcon.colcon_core.package_identification:_identify(src/robocol_arm_moveit2) by extension 'colcon_pkg'
[1.585s] Level 1:colcon.colcon_core.package_identification:_identify(src/robocol_arm_moveit2) by extensions ['colcon_meta']
[1.585s] Level 1:colcon.colcon_core.package_identification:_identify(src/robocol_arm_moveit2) by extension 'colcon_meta'
[1.585s] Level 1:colcon.colcon_core.package_identification:_identify(src/robocol_arm_moveit2) by extensions ['ros']
[1.585s] Level 1:colcon.colcon_core.package_identification:_identify(src/robocol_arm_moveit2) by extension 'ros'
[1.586s] DEBUG:colcon.colcon_core.package_identification:Package 'src/robocol_arm_moveit2' with type 'ros.ament_cmake' and name 'robocol_arm_moveit2'
[1.586s] Level 1:colcon.colcon_core.package_discovery:discover_packages(recursive) using defaults
[1.586s] Level 1:colcon.colcon_core.package_discovery:discover_packages(ignore) discover
[1.586s] Level 1:colcon.colcon_core.package_discovery:discover_packages(ignore) using defaults
[1.586s] Level 1:colcon.colcon_core.package_discovery:discover_packages(path) discover
[1.586s] Level 1:colcon.colcon_core.package_discovery:discover_packages(path) using defaults
[1.704s] Level 1:colcon.colcon_core.package_discovery:discover_packages(prefix_path) check parameters
[1.704s] Level 1:colcon.colcon_core.package_discovery:discover_packages(prefix_path) discover
[1.722s] WARNING:colcon.colcon_core.prefix_path.colcon:The path '/home/jcgg/robocol_ws/install' in the environment variable COLCON_PREFIX_PATH doesn't exist
[1.725s] WARNING:colcon.colcon_ros.prefix_path.ament:The path '/home/jcgg/robocol_ws/install/black_arm' in the environment variable AMENT_PREFIX_PATH doesn't exist
[1.725s] WARNING:colcon.colcon_ros.prefix_path.ament:The path '/home/jcgg/robocol_ws/install/robocol_arm_moveit2' in the environment variable AMENT_PREFIX_PATH doesn't exist
[1.725s] WARNING:colcon.colcon_ros.prefix_path.ament:The path '/home/jcgg/robocol_ws/install/pilz_planner' in the environment variable AMENT_PREFIX_PATH doesn't exist
[1.725s] WARNING:colcon.colcon_ros.prefix_path.ament:The path '/home/jcgg/robocol_ws/install/gcode_executor' in the environment variable AMENT_PREFIX_PATH doesn't exist
[1.725s] WARNING:colcon.colcon_ros.prefix_path.ament:The path '/home/jcgg/robocol_ws/install/btserial_reciever' in the environment variable AMENT_PREFIX_PATH doesn't exist
[1.725s] WARNING:colcon.colcon_ros.prefix_path.catkin:The path '/home/jcgg/robocol_ws/install/black_arm' in the environment variable CMAKE_PREFIX_PATH doesn't exist
[1.725s] WARNING:colcon.colcon_ros.prefix_path.catkin:The path '/home/jcgg/robocol_ws/install/robocol_arm_moveit2' in the environment variable CMAKE_PREFIX_PATH doesn't exist
[1.725s] WARNING:colcon.colcon_ros.prefix_path.catkin:The path '/home/jcgg/robocol_ws/install/pilz_planner' in the environment variable CMAKE_PREFIX_PATH doesn't exist
[1.745s] DEBUG:colcon.colcon_installed_package_information.package_discovery:Found 59 installed packages in /home/jcgg/ws_moveit/install
[1.764s] DEBUG:colcon.colcon_installed_package_information.package_discovery:Found 321 installed packages in /opt/ros/humble
[1.766s] Level 1:colcon.colcon_core.package_discovery:discover_packages(prefix_path) using defaults
[1.866s] Level 5:colcon.colcon_core.verb:set package 'btserial_reciever' build argument 'cmake_args' from command line to 'None'
[1.866s] Level 5:colcon.colcon_core.verb:set package 'btserial_reciever' build argument 'cmake_target' from command line to 'None'
[1.866s] Level 5:colcon.colcon_core.verb:set package 'btserial_reciever' build argument 'cmake_target_skip_unavailable' from command line to 'False'
[1.866s] Level 5:colcon.colcon_core.verb:set package 'btserial_reciever' build argument 'cmake_clean_cache' from command line to 'False'
[1.866s] Level 5:colcon.colcon_core.verb:set package 'btserial_reciever' build argument 'cmake_clean_first' from command line to 'False'
[1.866s] Level 5:colcon.colcon_core.verb:set package 'btserial_reciever' build argument 'cmake_force_configure' from command line to 'False'
[1.866s] Level 5:colcon.colcon_core.verb:set package 'btserial_reciever' build argument 'ament_cmake_args' from command line to 'None'
[1.866s] Level 5:colcon.colcon_core.verb:set package 'btserial_reciever' build argument 'catkin_cmake_args' from command line to 'None'
[1.866s] Level 5:colcon.colcon_core.verb:set package 'btserial_reciever' build argument 'catkin_skip_building_tests' from command line to 'False'
[1.866s] DEBUG:colcon.colcon_core.verb:Building package 'btserial_reciever' with the following arguments: {'ament_cmake_args': None, 'build_base': '/home/jcgg/robocol_ws/GcodeMaster/build/btserial_reciever', 'catkin_cmake_args': None, 'catkin_skip_building_tests': False, 'cmake_args': None, 'cmake_clean_cache': False, 'cmake_clean_first': False, 'cmake_force_configure': False, 'cmake_target': None, 'cmake_target_skip_unavailable': False, 'install_base': '/home/jcgg/robocol_ws/GcodeMaster/install/btserial_reciever', 'merge_install': False, 'path': '/home/jcgg/robocol_ws/GcodeMaster/src/btserial_reciever', 'symlink_install': False, 'test_result_base': None}
[1.884s] Level 5:colcon.colcon_core.verb:set package 'gcode_executor' build argument 'cmake_args' from command line to 'None'
[1.884s] Level 5:colcon.colcon_core.verb:set package 'gcode_executor' build argument 'cmake_target' from command line to 'None'
[1.884s] Level 5:colcon.colcon_core.verb:set package 'gcode_executor' build argument 'cmake_target_skip_unavailable' from command line to 'False'
[1.884s] Level 5:colcon.colcon_core.verb:set package 'gcode_executor' build argument 'cmake_clean_cache' from command line to 'False'
[1.884s] Level 5:colcon.colcon_core.verb:set package 'gcode_executor' build argument 'cmake_clean_first' from command line to 'False'
[1.884s] Level 5:colcon.colcon_core.verb:set package 'gcode_executor' build argument 'cmake_force_configure' from command line to 'False'
[1.884s] Level 5:colcon.colcon_core.verb:set package 'gcode_executor' build argument 'ament_cmake_args' from command line to 'None'
[1.884s] Level 5:colcon.colcon_core.verb:set package 'gcode_executor' build argument 'catkin_cmake_args' from command line to 'None'
[1.884s] Level 5:colcon.colcon_core.verb:set package 'gcode_executor' build argument 'catkin_skip_building_tests' from command line to 'False'
[1.884s] DEBUG:colcon.colcon_core.verb:Building package 'gcode_executor' with the following arguments: {'ament_cmake_args': None, 'build_base': '/home/jcgg/robocol_ws/GcodeMaster/build/gcode_executor', 'catkin_cmake_args': None, 'catkin_skip_building_tests': False, 'cmake_args': None, 'cmake_clean_cache': False, 'cmake_clean_first': False, 'cmake_force_configure': False, 'cmake_target': None, 'cmake_target_skip_unavailable': False, 'install_base': '/home/jcgg/robocol_ws/GcodeMaster/install/gcode_executor', 'merge_install': False, 'path': '/home/jcgg/robocol_ws/GcodeMaster/src/gcode_executor', 'symlink_install': False, 'test_result_base': None}
[1.901s] Level 5:colcon.colcon_core.verb:set package 'robocol_arm_moveit2' build argument 'cmake_args' from command line to 'None'
[1.901s] Level 5:colcon.colcon_core.verb:set package 'robocol_arm_moveit2' build argument 'cmake_target' from command line to 'None'
[1.901s] Level 5:colcon.colcon_core.verb:set package 'robocol_arm_moveit2' build argument 'cmake_target_skip_unavailable' from command line to 'False'
[1.901s] Level 5:colcon.colcon_core.verb:set package 'robocol_arm_moveit2' build argument 'cmake_clean_cache' from command line to 'False'
[1.902s] Level 5:colcon.colcon_core.verb:set package 'robocol_arm_moveit2' build argument 'cmake_clean_first' from command line to 'False'
[1.902s] Level 5:colcon.colcon_core.verb:set package 'robocol_arm_moveit2' build argument 'cmake_force_configure' from command line to 'False'
[1.902s] Level 5:colcon.colcon_core.verb:set package 'robocol_arm_moveit2' build argument 'ament_cmake_args' from command line to 'None'
[1.902s] Level 5:colcon.colcon_core.verb:set package 'robocol_arm_moveit2' build argument 'catkin_cmake_args' from command line to 'None'
[1.902s] Level 5:colcon.colcon_core.verb:set package 'robocol_arm_moveit2' build argument 'catkin_skip_building_tests' from command line to 'False'
[1.902s] DEBUG:colcon.colcon_core.verb:Building package 'robocol_arm_moveit2' with the following arguments: {'ament_cmake_args': None, 'build_base': '/home/jcgg/robocol_ws/GcodeMaster/build/robocol_arm_moveit2', 'catkin_cmake_args': None, 'catkin_skip_building_tests': False, 'cmake_args': None, 'cmake_clean_cache': False, 'cmake_clean_first': False, 'cmake_force_configure': False, 'cmake_target': None, 'cmake_target_skip_unavailable': False, 'install_base': '/home/jcgg/robocol_ws/GcodeMaster/install/robocol_arm_moveit2', 'merge_install': False, 'path': '/home/jcgg/robocol_ws/GcodeMaster/src/robocol_arm_moveit2', 'symlink_install': False, 'test_result_base': None}
[1.919s] Level 5:colcon.colcon_core.verb:set package 'black_arm' build argument 'cmake_args' from command line to 'None'
[1.919s] Level 5:colcon.colcon_core.verb:set package 'black_arm' build argument 'cmake_target' from command line to 'None'
[1.919s] Level 5:colcon.colcon_core.verb:set package 'black_arm' build argument 'cmake_target_skip_unavailable' from command line to 'False'
[1.919s] Level 5:colcon.colcon_core.verb:set package 'black_arm' build argument 'cmake_clean_cache' from command line to 'False'
[1.919s] Level 5:colcon.colcon_core.verb:set package 'black_arm' build argument 'cmake_clean_first' from command line to 'False'
[1.919s] Level 5:colcon.colcon_core.verb:set package 'black_arm' build argument 'cmake_force_configure' from command line to 'False'
[1.919s] Level 5:colcon.colcon_core.verb:set package 'black_arm' build argument 'ament_cmake_args' from command line to 'None'
[1.919s] Level 5:colcon.colcon_core.verb:set package 'black_arm' build argument 'catkin_cmake_args' from command line to 'None'
[1.919s] Level 5:colcon.colcon_core.verb:set package 'black_arm' build argument 'catkin_skip_building_tests' from command line to 'False'
[1.919s] DEBUG:colcon.colcon_core.verb:Building package 'black_arm' with the following arguments: {'ament_cmake_args': None, 'build_base': '/home/jcgg/robocol_ws/GcodeMaster/build/black_arm', 'catkin_cmake_args': None, 'catkin_skip_building_tests': False, 'cmake_args': None, 'cmake_clean_cache': False, 'cmake_clean_first': False, 'cmake_force_configure': False, 'cmake_target': None, 'cmake_target_skip_unavailable': False, 'install_base': '/home/jcgg/robocol_ws/GcodeMaster/install/black_arm', 'merge_install': False, 'path': '/home/jcgg/robocol_ws/GcodeMaster/src/black_arm', 'symlink_install': False, 'test_result_base': None}
[1.937s] INFO:colcon.colcon_core.executor:Executing jobs using 'parallel' executor
[1.955s] DEBUG:colcon.colcon_parallel_executor.executor.parallel:run_until_complete
[1.955s] INFO:colcon.colcon_ros.task.ament_cmake.build:Building ROS package in '/home/jcgg/robocol_ws/GcodeMaster/src/robocol_arm_moveit2' with build type 'ament_cmake'
[1.955s] INFO:colcon.colcon_cmake.task.cmake.build:Building CMake package in '/home/jcgg/robocol_ws/GcodeMaster/src/robocol_arm_moveit2'
[1.974s] INFO:colcon.colcon_core.plugin_system:Skipping extension 'colcon_core.shell.bat': Not used on non-Windows systems
[1.975s] INFO:colcon.colcon_core.shell:Skip shell extension 'powershell' for command environment: Not usable outside of PowerShell
[1.975s] DEBUG:colcon.colcon_core.shell:Skip shell extension 'dsv' for command environment
[2.034s] INFO:colcon.colcon_ros.task.ament_python.build:Building ROS package in '/home/jcgg/robocol_ws/GcodeMaster/src/btserial_reciever' with build type 'ament_python'
[2.034s] Level 1:colcon.colcon_core.shell:create_environment_hook('btserial_reciever', 'ament_prefix_path')
[2.052s] INFO:colcon.colcon_core.shell:Creating environment hook '/home/jcgg/robocol_ws/GcodeMaster/install/btserial_reciever/share/btserial_reciever/hook/ament_prefix_path.ps1'
[2.053s] INFO:colcon.colcon_core.shell:Creating environment descriptor '/home/jcgg/robocol_ws/GcodeMaster/install/btserial_reciever/share/btserial_reciever/hook/ament_prefix_path.dsv'
[2.053s] INFO:colcon.colcon_core.shell:Creating environment hook '/home/jcgg/robocol_ws/GcodeMaster/install/btserial_reciever/share/btserial_reciever/hook/ament_prefix_path.sh'
[2.072s] INFO:colcon.colcon_core.shell:Skip shell extension 'powershell' for command environment: Not usable outside of PowerShell
[2.072s] DEBUG:colcon.colcon_core.shell:Skip shell extension 'dsv' for command environment
[2.132s] INFO:colcon.colcon_ros.task.ament_python.build:Building ROS package in '/home/jcgg/robocol_ws/GcodeMaster/src/gcode_executor' with build type 'ament_python'
[2.132s] Level 1:colcon.colcon_core.shell:create_environment_hook('gcode_executor', 'ament_prefix_path')
[2.150s] INFO:colcon.colcon_core.shell:Creating environment hook '/home/jcgg/robocol_ws/GcodeMaster/install/gcode_executor/share/gcode_executor/hook/ament_prefix_path.ps1'
[2.150s] INFO:colcon.colcon_core.shell:Creating environment descriptor '/home/jcgg/robocol_ws/GcodeMaster/install/gcode_executor/share/gcode_executor/hook/ament_prefix_path.dsv'
[2.151s] INFO:colcon.colcon_core.shell:Creating environment hook '/home/jcgg/robocol_ws/GcodeMaster/install/gcode_executor/share/gcode_executor/hook/ament_prefix_path.sh'
[2.169s] INFO:colcon.colcon_core.shell:Skip shell extension 'powershell' for command environment: Not usable outside of PowerShell
[2.169s] DEBUG:colcon.colcon_core.shell:Skip shell extension 'dsv' for command environment
[2.233s] DEBUG:colcon.colcon_core.event_handler.log_command:Invoking command in '/home/jcgg/robocol_ws/GcodeMaster/build/robocol_arm_moveit2': CMAKE_PREFIX_PATH=${CMAKE_PREFIX_PATH}:/home/jcgg/ws_moveit/install/moveit_configs_utils:/home/jcgg/robocol_ws/install/gcode_executor:/home/jcgg/robocol_ws/install/btserial_reciever:/opt/ros/humble /usr/bin/cmake /home/jcgg/robocol_ws/GcodeMaster/src/robocol_arm_moveit2 -DCMAKE_INSTALL_PREFIX=/home/jcgg/robocol_ws/GcodeMaster/install/robocol_arm_moveit2
[2.454s] INFO:colcon.colcon_core.task.python.build:Building Python package in '/home/jcgg/robocol_ws/GcodeMaster/src/btserial_reciever'
[2.473s] INFO:colcon.colcon_core.shell:Skip shell extension 'powershell' for command environment: Not usable outside of PowerShell
[2.473s] DEBUG:colcon.colcon_core.shell:Skip shell extension 'dsv' for command environment
[2.763s] INFO:colcon.colcon_core.task.python.build:Building Python package in '/home/jcgg/robocol_ws/GcodeMaster/src/gcode_executor'
[2.782s] INFO:colcon.colcon_core.shell:Skip shell extension 'powershell' for command environment: Not usable outside of PowerShell
[2.782s] DEBUG:colcon.colcon_core.shell:Skip shell extension 'dsv' for command environment
[3.512s] DEBUG:colcon.colcon_core.event_handler.log_command:Invoking command in '/home/jcgg/robocol_ws/GcodeMaster/src/btserial_reciever': PYTHONPATH=/home/jcgg/robocol_ws/GcodeMaster/build/btserial_reciever/prefix_override:/home/jcgg/robocol_ws/GcodeMaster/install/btserial_reciever/lib/python3.10/site-packages:${PYTHONPATH} /usr/bin/python3 setup.py egg_info --egg-base ../../build/btserial_reciever build --build-base /home/jcgg/robocol_ws/GcodeMaster/build/btserial_reciever/build install --record /home/jcgg/robocol_ws/GcodeMaster/build/btserial_reciever/install.log --single-version-externally-managed
[3.518s] DEBUG:colcon.colcon_core.event_handler.log_command:Invoking command in '/home/jcgg/robocol_ws/GcodeMaster/src/gcode_executor': PYTHONPATH=/home/jcgg/robocol_ws/GcodeMaster/build/gcode_executor/prefix_override:/home/jcgg/robocol_ws/GcodeMaster/install/gcode_executor/lib/python3.10/site-packages:${PYTHONPATH} /usr/bin/python3 setup.py egg_info --egg-base ../../build/gcode_executor build --build-base /home/jcgg/robocol_ws/GcodeMaster/build/gcode_executor/build install --record /home/jcgg/robocol_ws/GcodeMaster/build/gcode_executor/install.log --single-version-externally-managed
[4.120s] DEBUG:colcon.colcon_core.event_handler.log_command:Invoked command in '/home/jcgg/robocol_ws/GcodeMaster/src/btserial_reciever' returned '0': PYTHONPATH=/home/jcgg/robocol_ws/GcodeMaster/build/btserial_reciever/prefix_override:/home/jcgg/robocol_ws/GcodeMaster/install/btserial_reciever/lib/python3.10/site-packages:${PYTHONPATH} /usr/bin/python3 setup.py egg_info --egg-base ../../build/btserial_reciever build --build-base /home/jcgg/robocol_ws/GcodeMaster/build/btserial_reciever/build install --record /home/jcgg/robocol_ws/GcodeMaster/build/btserial_reciever/install.log --single-version-externally-managed
[4.155s] Level 1:colcon.colcon_core.environment:checking '/home/jcgg/robocol_ws/GcodeMaster/install/btserial_reciever' for CMake module files
[4.155s] Level 1:colcon.colcon_core.environment:checking '/home/jcgg/robocol_ws/GcodeMaster/install/btserial_reciever' for CMake config files
[4.156s] Level 1:colcon.colcon_core.environment:checking '/home/jcgg/robocol_ws/GcodeMaster/install/btserial_reciever/lib'
[4.156s] Level 1:colcon.colcon_core.environment:checking '/home/jcgg/robocol_ws/GcodeMaster/install/btserial_reciever/bin'
[4.156s] Level 1:colcon.colcon_core.environment:checking '/home/jcgg/robocol_ws/GcodeMaster/install/btserial_reciever/lib/pkgconfig/btserial_reciever.pc'
[4.157s] Level 1:colcon.colcon_core.environment:checking '/home/jcgg/robocol_ws/GcodeMaster/install/btserial_reciever/lib/python3.10/site-packages'
[4.157s] Level 1:colcon.colcon_core.shell:create_environment_hook('btserial_reciever', 'pythonpath')
[4.176s] INFO:colcon.colcon_core.shell:Creating environment hook '/home/jcgg/robocol_ws/GcodeMaster/install/btserial_reciever/share/btserial_reciever/hook/pythonpath.ps1'
[4.176s] INFO:colcon.colcon_core.shell:Creating environment descriptor '/home/jcgg/robocol_ws/GcodeMaster/install/btserial_reciever/share/btserial_reciever/hook/pythonpath.dsv'
[4.177s] INFO:colcon.colcon_core.shell:Creating environment hook '/home/jcgg/robocol_ws/GcodeMaster/install/btserial_reciever/share/btserial_reciever/hook/pythonpath.sh'
[4.177s] Level 1:colcon.colcon_core.environment:checking '/home/jcgg/robocol_ws/GcodeMaster/install/btserial_reciever/bin'
[4.177s] Level 1:colcon.colcon_core.environment:create_environment_scripts_only(btserial_reciever)
[4.196s] INFO:colcon.colcon_core.shell:Creating package script '/home/jcgg/robocol_ws/GcodeMaster/install/btserial_reciever/share/btserial_reciever/package.ps1'
[4.197s] INFO:colcon.colcon_core.shell:Creating package descriptor '/home/jcgg/robocol_ws/GcodeMaster/install/btserial_reciever/share/btserial_reciever/package.dsv'
[4.197s] INFO:colcon.colcon_core.shell:Creating package script '/home/jcgg/robocol_ws/GcodeMaster/install/btserial_reciever/share/btserial_reciever/package.sh'
[4.198s] INFO:colcon.colcon_core.shell:Creating package script '/home/jcgg/robocol_ws/GcodeMaster/install/btserial_reciever/share/btserial_reciever/package.bash'
[4.199s] INFO:colcon.colcon_core.shell:Creating package script '/home/jcgg/robocol_ws/GcodeMaster/install/btserial_reciever/share/btserial_reciever/package.zsh'
[4.199s] Level 1:colcon.colcon_core.environment:create_file_with_runtime_dependencies(/home/jcgg/robocol_ws/GcodeMaster/install/btserial_reciever/share/colcon-core/packages/btserial_reciever)
[4.201s] DEBUG:colcon.colcon_core.event_handler.log_command:Invoked command in '/home/jcgg/robocol_ws/GcodeMaster/src/gcode_executor' returned '0': PYTHONPATH=/home/jcgg/robocol_ws/GcodeMaster/build/gcode_executor/prefix_override:/home/jcgg/robocol_ws/GcodeMaster/install/gcode_executor/lib/python3.10/site-packages:${PYTHONPATH} /usr/bin/python3 setup.py egg_info --egg-base ../../build/gcode_executor build --build-base /home/jcgg/robocol_ws/GcodeMaster/build/gcode_executor/build install --record /home/jcgg/robocol_ws/GcodeMaster/build/gcode_executor/install.log --single-version-externally-managed
[4.220s] Level 1:colcon.colcon_core.environment:checking '/home/jcgg/robocol_ws/GcodeMaster/install/gcode_executor' for CMake module files
[4.220s] Level 1:colcon.colcon_core.environment:checking '/home/jcgg/robocol_ws/GcodeMaster/install/gcode_executor' for CMake config files
[4.221s] Level 1:colcon.colcon_core.environment:checking '/home/jcgg/robocol_ws/GcodeMaster/install/gcode_executor/lib'
[4.221s] Level 1:colcon.colcon_core.environment:checking '/home/jcgg/robocol_ws/GcodeMaster/install/gcode_executor/bin'
[4.221s] Level 1:colcon.colcon_core.environment:checking '/home/jcgg/robocol_ws/GcodeMaster/install/gcode_executor/lib/pkgconfig/gcode_executor.pc'
[4.221s] Level 1:colcon.colcon_core.environment:checking '/home/jcgg/robocol_ws/GcodeMaster/install/gcode_executor/lib/python3.10/site-packages'
[4.221s] Level 1:colcon.colcon_core.shell:create_environment_hook('gcode_executor', 'pythonpath')
[4.241s] INFO:colcon.colcon_core.shell:Creating environment hook '/home/jcgg/robocol_ws/GcodeMaster/install/gcode_executor/share/gcode_executor/hook/pythonpath.ps1'
[4.242s] INFO:colcon.colcon_core.shell:Creating environment descriptor '/home/jcgg/robocol_ws/GcodeMaster/install/gcode_executor/share/gcode_executor/hook/pythonpath.dsv'
[4.242s] INFO:colcon.colcon_core.shell:Creating environment hook '/home/jcgg/robocol_ws/GcodeMaster/install/gcode_executor/share/gcode_executor/hook/pythonpath.sh'
[4.242s] Level 1:colcon.colcon_core.environment:checking '/home/jcgg/robocol_ws/GcodeMaster/install/gcode_executor/bin'
[4.242s] Level 1:colcon.colcon_core.environment:create_environment_scripts_only(gcode_executor)
[4.261s] INFO:colcon.colcon_core.shell:Creating package script '/home/jcgg/robocol_ws/GcodeMaster/install/gcode_executor/share/gcode_executor/package.ps1'
[4.261s] INFO:colcon.colcon_core.shell:Creating package descriptor '/home/jcgg/robocol_ws/GcodeMaster/install/gcode_executor/share/gcode_executor/package.dsv'
[4.262s] INFO:colcon.colcon_core.shell:Creating package script '/home/jcgg/robocol_ws/GcodeMaster/install/gcode_executor/share/gcode_executor/package.sh'
[4.262s] INFO:colcon.colcon_core.shell:Creating package script '/home/jcgg/robocol_ws/GcodeMaster/install/gcode_executor/share/gcode_executor/package.bash'
[4.262s] INFO:colcon.colcon_core.shell:Creating package script '/home/jcgg/robocol_ws/GcodeMaster/install/gcode_executor/share/gcode_executor/package.zsh'
[4.263s] Level 1:colcon.colcon_core.environment:create_file_with_runtime_dependencies(/home/jcgg/robocol_ws/GcodeMaster/install/gcode_executor/share/colcon-core/packages/gcode_executor)
[13.016s] DEBUG:colcon.colcon_core.event_handler.log_command:Invoked command in '/home/jcgg/robocol_ws/GcodeMaster/build/robocol_arm_moveit2' returned '0': CMAKE_PREFIX_PATH=${CMAKE_PREFIX_PATH}:/home/jcgg/ws_moveit/install/moveit_configs_utils:/home/jcgg/robocol_ws/install/gcode_executor:/home/jcgg/robocol_ws/install/btserial_reciever:/opt/ros/humble /usr/bin/cmake /home/jcgg/robocol_ws/GcodeMaster/src/robocol_arm_moveit2 -DCMAKE_INSTALL_PREFIX=/home/jcgg/robocol_ws/GcodeMaster/install/robocol_arm_moveit2
[13.020s] DEBUG:colcon.colcon_core.event_handler.log_command:Invoking command in '/home/jcgg/robocol_ws/GcodeMaster/build/robocol_arm_moveit2': CMAKE_PREFIX_PATH=${CMAKE_PREFIX_PATH}:/home/jcgg/ws_moveit/install/moveit_configs_utils:/home/jcgg/robocol_ws/install/gcode_executor:/home/jcgg/robocol_ws/install/btserial_reciever:/opt/ros/humble /usr/bin/cmake --build /home/jcgg/robocol_ws/GcodeMaster/build/robocol_arm_moveit2 -- -j8 -l8
[40.252s] DEBUG:colcon.colcon_core.event_handler.log_command:Invoked command in '/home/jcgg/robocol_ws/GcodeMaster/build/robocol_arm_moveit2' returned '0': CMAKE_PREFIX_PATH=${CMAKE_PREFIX_PATH}:/home/jcgg/ws_moveit/install/moveit_configs_utils:/home/jcgg/robocol_ws/install/gcode_executor:/home/jcgg/robocol_ws/install/btserial_reciever:/opt/ros/humble /usr/bin/cmake --build /home/jcgg/robocol_ws/GcodeMaster/build/robocol_arm_moveit2 -- -j8 -l8
[40.358s] DEBUG:colcon.colcon_core.event_handler.log_command:Invoking command in '/home/jcgg/robocol_ws/GcodeMaster/build/robocol_arm_moveit2': CMAKE_PREFIX_PATH=${CMAKE_PREFIX_PATH}:/home/jcgg/ws_moveit/install/moveit_configs_utils:/home/jcgg/robocol_ws/install/gcode_executor:/home/jcgg/robocol_ws/install/btserial_reciever:/opt/ros/humble /usr/bin/cmake --install /home/jcgg/robocol_ws/GcodeMaster/build/robocol_arm_moveit2
[40.595s] Level 1:colcon.colcon_core.environment:create_environment_scripts_only(robocol_arm_moveit2)
[40.595s] DEBUG:colcon.colcon_core.event_handler.log_command:Invoked command in '/home/jcgg/robocol_ws/GcodeMaster/build/robocol_arm_moveit2' returned '0': CMAKE_PREFIX_PATH=${CMAKE_PREFIX_PATH}:/home/jcgg/ws_moveit/install/moveit_configs_utils:/home/jcgg/robocol_ws/install/gcode_executor:/home/jcgg/robocol_ws/install/btserial_reciever:/opt/ros/humble /usr/bin/cmake --install /home/jcgg/robocol_ws/GcodeMaster/build/robocol_arm_moveit2
[40.614s] Level 1:colcon.colcon_core.environment:checking '/home/jcgg/robocol_ws/GcodeMaster/install/robocol_arm_moveit2' for CMake module files
[40.614s] Level 1:colcon.colcon_core.environment:checking '/home/jcgg/robocol_ws/GcodeMaster/install/robocol_arm_moveit2' for CMake config files
[40.615s] Level 1:colcon.colcon_core.shell:create_environment_hook('robocol_arm_moveit2', 'cmake_prefix_path')
[40.633s] INFO:colcon.colcon_core.shell:Creating environment hook '/home/jcgg/robocol_ws/GcodeMaster/install/robocol_arm_moveit2/share/robocol_arm_moveit2/hook/cmake_prefix_path.ps1'
[40.633s] INFO:colcon.colcon_core.shell:Creating environment descriptor '/home/jcgg/robocol_ws/GcodeMaster/install/robocol_arm_moveit2/share/robocol_arm_moveit2/hook/cmake_prefix_path.dsv'
[40.633s] INFO:colcon.colcon_core.shell:Creating environment hook '/home/jcgg/robocol_ws/GcodeMaster/install/robocol_arm_moveit2/share/robocol_arm_moveit2/hook/cmake_prefix_path.sh'
[40.634s] Level 1:colcon.colcon_core.environment:checking '/home/jcgg/robocol_ws/GcodeMaster/install/robocol_arm_moveit2/lib'
[40.634s] Level 1:colcon.colcon_core.environment:checking '/home/jcgg/robocol_ws/GcodeMaster/install/robocol_arm_moveit2/bin'
[40.634s] Level 1:colcon.colcon_core.environment:checking '/home/jcgg/robocol_ws/GcodeMaster/install/robocol_arm_moveit2/lib/pkgconfig/robocol_arm_moveit2.pc'
[40.634s] Level 1:colcon.colcon_core.environment:checking '/home/jcgg/robocol_ws/GcodeMaster/install/robocol_arm_moveit2/lib/python3.10/site-packages'
[40.634s] Level 1:colcon.colcon_core.environment:checking '/home/jcgg/robocol_ws/GcodeMaster/install/robocol_arm_moveit2/bin'
[40.652s] INFO:colcon.colcon_core.shell:Creating package script '/home/jcgg/robocol_ws/GcodeMaster/install/robocol_arm_moveit2/share/robocol_arm_moveit2/package.ps1'
[40.652s] INFO:colcon.colcon_core.shell:Creating package descriptor '/home/jcgg/robocol_ws/GcodeMaster/install/robocol_arm_moveit2/share/robocol_arm_moveit2/package.dsv'
[40.653s] INFO:colcon.colcon_core.shell:Creating package script '/home/jcgg/robocol_ws/GcodeMaster/install/robocol_arm_moveit2/share/robocol_arm_moveit2/package.sh'
[40.653s] INFO:colcon.colcon_core.shell:Creating package script '/home/jcgg/robocol_ws/GcodeMaster/install/robocol_arm_moveit2/share/robocol_arm_moveit2/package.bash'
[40.653s] INFO:colcon.colcon_core.shell:Creating package script '/home/jcgg/robocol_ws/GcodeMaster/install/robocol_arm_moveit2/share/robocol_arm_moveit2/package.zsh'
[40.654s] Level 1:colcon.colcon_core.environment:create_file_with_runtime_dependencies(/home/jcgg/robocol_ws/GcodeMaster/install/robocol_arm_moveit2/share/colcon-core/packages/robocol_arm_moveit2)
[40.761s] Level 1:colcon.colcon_core.environment:create_environment_scripts_only(robocol_arm_moveit2)
[40.779s] Level 1:colcon.colcon_core.environment:checking '/home/jcgg/robocol_ws/GcodeMaster/install/robocol_arm_moveit2' for CMake module files
[40.780s] Level 1:colcon.colcon_core.environment:checking '/home/jcgg/robocol_ws/GcodeMaster/install/robocol_arm_moveit2' for CMake config files
[40.780s] Level 1:colcon.colcon_core.shell:create_environment_hook('robocol_arm_moveit2', 'cmake_prefix_path')
[40.798s] INFO:colcon.colcon_core.shell:Creating environment hook '/home/jcgg/robocol_ws/GcodeMaster/install/robocol_arm_moveit2/share/robocol_arm_moveit2/hook/cmake_prefix_path.ps1'
[40.799s] INFO:colcon.colcon_core.shell:Creating environment descriptor '/home/jcgg/robocol_ws/GcodeMaster/install/robocol_arm_moveit2/share/robocol_arm_moveit2/hook/cmake_prefix_path.dsv'
[40.799s] INFO:colcon.colcon_core.shell:Creating environment hook '/home/jcgg/robocol_ws/GcodeMaster/install/robocol_arm_moveit2/share/robocol_arm_moveit2/hook/cmake_prefix_path.sh'
[40.800s] Level 1:colcon.colcon_core.environment:checking '/home/jcgg/robocol_ws/GcodeMaster/install/robocol_arm_moveit2/lib'
[40.800s] Level 1:colcon.colcon_core.environment:checking '/home/jcgg/robocol_ws/GcodeMaster/install/robocol_arm_moveit2/bin'
[40.800s] Level 1:colcon.colcon_core.environment:checking '/home/jcgg/robocol_ws/GcodeMaster/install/robocol_arm_moveit2/lib/pkgconfig/robocol_arm_moveit2.pc'
[40.800s] Level 1:colcon.colcon_core.environment:checking '/home/jcgg/robocol_ws/GcodeMaster/install/robocol_arm_moveit2/lib/python3.10/site-packages'
[40.800s] Level 1:colcon.colcon_core.environment:checking '/home/jcgg/robocol_ws/GcodeMaster/install/robocol_arm_moveit2/bin'
[40.818s] INFO:colcon.colcon_core.shell:Creating package script '/home/jcgg/robocol_ws/GcodeMaster/install/robocol_arm_moveit2/share/robocol_arm_moveit2/package.ps1'
[40.819s] INFO:colcon.colcon_core.shell:Creating package descriptor '/home/jcgg/robocol_ws/GcodeMaster/install/robocol_arm_moveit2/share/robocol_arm_moveit2/package.dsv'
[40.819s] INFO:colcon.colcon_core.shell:Creating package script '/home/jcgg/robocol_ws/GcodeMaster/install/robocol_arm_moveit2/share/robocol_arm_moveit2/package.sh'
[40.820s] INFO:colcon.colcon_core.shell:Creating package script '/home/jcgg/robocol_ws/GcodeMaster/install/robocol_arm_moveit2/share/robocol_arm_moveit2/package.bash'
[40.820s] INFO:colcon.colcon_core.shell:Creating package script '/home/jcgg/robocol_ws/GcodeMaster/install/robocol_arm_moveit2/share/robocol_arm_moveit2/package.zsh'
[40.820s] Level 1:colcon.colcon_core.environment:create_file_with_runtime_dependencies(/home/jcgg/robocol_ws/GcodeMaster/install/robocol_arm_moveit2/share/colcon-core/packages/robocol_arm_moveit2)
[40.821s] INFO:colcon.colcon_ros.task.ament_cmake.build:Building ROS package in '/home/jcgg/robocol_ws/GcodeMaster/src/black_arm' with build type 'ament_cmake'
[40.821s] INFO:colcon.colcon_cmake.task.cmake.build:Building CMake package in '/home/jcgg/robocol_ws/GcodeMaster/src/black_arm'
[40.840s] INFO:colcon.colcon_core.shell:Skip shell extension 'powershell' for command environment: Not usable outside of PowerShell
[40.840s] DEBUG:colcon.colcon_core.shell:Skip shell extension 'dsv' for command environment
[40.910s] DEBUG:colcon.colcon_core.event_handler.log_command:Invoking command in '/home/jcgg/robocol_ws/GcodeMaster/build/black_arm': AMENT_PREFIX_PATH=/home/jcgg/robocol_ws/GcodeMaster/install/robocol_arm_moveit2:${AMENT_PREFIX_PATH} CMAKE_PREFIX_PATH=/home/jcgg/robocol_ws/GcodeMaster/install/robocol_arm_moveit2:/home/jcgg/ws_moveit/install/moveit2_tutorials:/home/jcgg/ws_moveit/install/moveit_visual_tools:/home/jcgg/ws_moveit/install/rviz_visual_tools:/home/jcgg/ws_moveit/install/moveit_task_constructor_visualization:/home/jcgg/ws_moveit/install/moveit_task_constructor_demo:/home/jcgg/ws_moveit/install/moveit_task_constructor_capabilities:/home/jcgg/ws_moveit/install/moveit_task_constructor_core:/home/jcgg/ws_moveit/install/rviz_marker_tools:/home/jcgg/ws_moveit/install/rosparam_shortcuts:/home/jcgg/ws_moveit/install/pilz_industrial_motion_planner_testutils:/home/jcgg/ws_moveit/install/moveit_runtime:/home/jcgg/ws_moveit/install/moveit:/home/jcgg/ws_moveit/install/moveit_planners:/home/jcgg/ws_moveit/install/pilz_industrial_motion_planner:/home/jcgg/ws_moveit/install/moveit_task_constructor_msgs:/home/jcgg/ws_moveit/install/moveit_ros_control_interface:/home/jcgg/ws_moveit/install/moveit_plugins:/home/jcgg/ws_moveit/install/moveit_simple_controller_manager:/home/jcgg/ws_moveit/install/moveit_setup_assistant:/home/jcgg/ws_moveit/install/moveit_setup_srdf_plugins:/home/jcgg/ws_moveit/install/moveit_setup_core_plugins:/home/jcgg/ws_moveit/install/moveit_setup_controllers:/home/jcgg/ws_moveit/install/moveit_setup_app_plugins:/home/jcgg/ws_moveit/install/moveit_setup_framework:/home/jcgg/ws_moveit/install/moveit_servo:/home/jcgg/ws_moveit/install/moveit_ros:/home/jcgg/ws_moveit/install/moveit_ros_visualization:/home/jcgg/ws_moveit/install/moveit_py:/home/jcgg/ws_moveit/install/moveit_hybrid_planning:/home/jcgg/ws_moveit/install/moveit_ros_planning_interface:/home/jcgg/ws_moveit/install/moveit_ros_benchmarks:/home/jcgg/ws_moveit/install/moveit_ros_warehouse:/home/jcgg/ws_moveit/install/moveit_ros_robot_interaction:/home/jcgg/ws_moveit/install/moveit_ros_perception:/home/jcgg/ws_moveit/install/moveit_resources_prbt_pg70_support:/home/jcgg/ws_moveit/install/moveit_resources_prbt_moveit_config:/home/jcgg/ws_moveit/install/moveit_ros_move_group:/home/jcgg/ws_moveit/install/moveit_planners_ompl:/home/jcgg/ws_moveit/install/moveit_kinematics:/home/jcgg/ws_moveit/install/moveit_ros_planning:/home/jcgg/ws_moveit/install/moveit_ros_occupancy_map_monitor:/home/jcgg/ws_moveit/install/moveit_resources_prbt_support:/home/jcgg/ws_moveit/install/moveit_resources_prbt_ikfast_manipulator_plugin:/home/jcgg/ws_moveit/install/moveit_resources:/home/jcgg/ws_moveit/install/moveit_resources_pr2_description:/home/jcgg/ws_moveit/install/moveit_resources_panda_moveit_config:/home/jcgg/ws_moveit/install/dual_arm_panda_moveit_config:/home/jcgg/ws_moveit/install/moveit_resources_panda_description:/home/jcgg/ws_moveit/install/moveit_resources_fanuc_moveit_config:/home/jcgg/ws_moveit/install/moveit_resources_fanuc_description:/home/jcgg/ws_moveit/install/moveit_planners_stomp:/home/jcgg/ws_moveit/install/moveit_planners_chomp:/home/jcgg/ws_moveit/install/moveit_chomp_optimizer_adapter:/home/jcgg/ws_moveit/install/chomp_motion_planner:/home/jcgg/ws_moveit/install/moveit_core:/home/jcgg/ws_moveit/install/moveit_msgs:/home/jcgg/ws_moveit/install/moveit_common:/home/jcgg/robocol_ws/install/black_arm:/home/jcgg/robocol_ws/install/robocol_arm_moveit2:/home/jcgg/robocol_ws/install/pilz_planner:/home/jcgg/ws_moveit/install/moveit_configs_utils:/home/jcgg/robocol_ws/install/gcode_executor:/home/jcgg/robocol_ws/install/btserial_reciever:/opt/ros/humble /usr/bin/cmake /home/jcgg/robocol_ws/GcodeMaster/src/black_arm -DCMAKE_INSTALL_PREFIX=/home/jcgg/robocol_ws/GcodeMaster/install/black_arm
[42.051s] DEBUG:colcon.colcon_core.event_handler.log_command:Invoked command in '/home/jcgg/robocol_ws/GcodeMaster/build/black_arm' returned '0': AMENT_PREFIX_PATH=/home/jcgg/robocol_ws/GcodeMaster/install/robocol_arm_moveit2:${AMENT_PREFIX_PATH} CMAKE_PREFIX_PATH=/home/jcgg/robocol_ws/GcodeMaster/install/robocol_arm_moveit2:/home/jcgg/ws_moveit/install/moveit2_tutorials:/home/jcgg/ws_moveit/install/moveit_visual_tools:/home/jcgg/ws_moveit/install/rviz_visual_tools:/home/jcgg/ws_moveit/install/moveit_task_constructor_visualization:/home/jcgg/ws_moveit/install/moveit_task_constructor_demo:/home/jcgg/ws_moveit/install/moveit_task_constructor_capabilities:/home/jcgg/ws_moveit/install/moveit_task_constructor_core:/home/jcgg/ws_moveit/install/rviz_marker_tools:/home/jcgg/ws_moveit/install/rosparam_shortcuts:/home/jcgg/ws_moveit/install/pilz_industrial_motion_planner_testutils:/home/jcgg/ws_moveit/install/moveit_runtime:/home/jcgg/ws_moveit/install/moveit:/home/jcgg/ws_moveit/install/moveit_planners:/home/jcgg/ws_moveit/install/pilz_industrial_motion_planner:/home/jcgg/ws_moveit/install/moveit_task_constructor_msgs:/home/jcgg/ws_moveit/install/moveit_ros_control_interface:/home/jcgg/ws_moveit/install/moveit_plugins:/home/jcgg/ws_moveit/install/moveit_simple_controller_manager:/home/jcgg/ws_moveit/install/moveit_setup_assistant:/home/jcgg/ws_moveit/install/moveit_setup_srdf_plugins:/home/jcgg/ws_moveit/install/moveit_setup_core_plugins:/home/jcgg/ws_moveit/install/moveit_setup_controllers:/home/jcgg/ws_moveit/install/moveit_setup_app_plugins:/home/jcgg/ws_moveit/install/moveit_setup_framework:/home/jcgg/ws_moveit/install/moveit_servo:/home/jcgg/ws_moveit/install/moveit_ros:/home/jcgg/ws_moveit/install/moveit_ros_visualization:/home/jcgg/ws_moveit/install/moveit_py:/home/jcgg/ws_moveit/install/moveit_hybrid_planning:/home/jcgg/ws_moveit/install/moveit_ros_planning_interface:/home/jcgg/ws_moveit/install/moveit_ros_benchmarks:/home/jcgg/ws_moveit/install/moveit_ros_warehouse:/home/jcgg/ws_moveit/install/moveit_ros_robot_interaction:/home/jcgg/ws_moveit/install/moveit_ros_perception:/home/jcgg/ws_moveit/install/moveit_resources_prbt_pg70_support:/home/jcgg/ws_moveit/install/moveit_resources_prbt_moveit_config:/home/jcgg/ws_moveit/install/moveit_ros_move_group:/home/jcgg/ws_moveit/install/moveit_planners_ompl:/home/jcgg/ws_moveit/install/moveit_kinematics:/home/jcgg/ws_moveit/install/moveit_ros_planning:/home/jcgg/ws_moveit/install/moveit_ros_occupancy_map_monitor:/home/jcgg/ws_moveit/install/moveit_resources_prbt_support:/home/jcgg/ws_moveit/install/moveit_resources_prbt_ikfast_manipulator_plugin:/home/jcgg/ws_moveit/install/moveit_resources:/home/jcgg/ws_moveit/install/moveit_resources_pr2_description:/home/jcgg/ws_moveit/install/moveit_resources_panda_moveit_config:/home/jcgg/ws_moveit/install/dual_arm_panda_moveit_config:/home/jcgg/ws_moveit/install/moveit_resources_panda_description:/home/jcgg/ws_moveit/install/moveit_resources_fanuc_moveit_config:/home/jcgg/ws_moveit/install/moveit_resources_fanuc_description:/home/jcgg/ws_moveit/install/moveit_planners_stomp:/home/jcgg/ws_moveit/install/moveit_planners_chomp:/home/jcgg/ws_moveit/install/moveit_chomp_optimizer_adapter:/home/jcgg/ws_moveit/install/chomp_motion_planner:/home/jcgg/ws_moveit/install/moveit_core:/home/jcgg/ws_moveit/install/moveit_msgs:/home/jcgg/ws_moveit/install/moveit_common:/home/jcgg/robocol_ws/install/black_arm:/home/jcgg/robocol_ws/install/robocol_arm_moveit2:/home/jcgg/robocol_ws/install/pilz_planner:/home/jcgg/ws_moveit/install/moveit_configs_utils:/home/jcgg/robocol_ws/install/gcode_executor:/home/jcgg/robocol_ws/install/btserial_reciever:/opt/ros/humble /usr/bin/cmake /home/jcgg/robocol_ws/GcodeMaster/src/black_arm -DCMAKE_INSTALL_PREFIX=/home/jcgg/robocol_ws/GcodeMaster/install/black_arm
[42.053s] DEBUG:colcon.colcon_core.event_handler.log_command:Invoking command in '/home/jcgg/robocol_ws/GcodeMaster/build/black_arm': AMENT_PREFIX_PATH=/home/jcgg/robocol_ws/GcodeMaster/install/robocol_arm_moveit2:${AMENT_PREFIX_PATH} CMAKE_PREFIX_PATH=/home/jcgg/robocol_ws/GcodeMaster/install/robocol_arm_moveit2:/home/jcgg/ws_moveit/install/moveit2_tutorials:/home/jcgg/ws_moveit/install/moveit_visual_tools:/home/jcgg/ws_moveit/install/rviz_visual_tools:/home/jcgg/ws_moveit/install/moveit_task_constructor_visualization:/home/jcgg/ws_moveit/install/moveit_task_constructor_demo:/home/jcgg/ws_moveit/install/moveit_task_constructor_capabilities:/home/jcgg/ws_moveit/install/moveit_task_constructor_core:/home/jcgg/ws_moveit/install/rviz_marker_tools:/home/jcgg/ws_moveit/install/rosparam_shortcuts:/home/jcgg/ws_moveit/install/pilz_industrial_motion_planner_testutils:/home/jcgg/ws_moveit/install/moveit_runtime:/home/jcgg/ws_moveit/install/moveit:/home/jcgg/ws_moveit/install/moveit_planners:/home/jcgg/ws_moveit/install/pilz_industrial_motion_planner:/home/jcgg/ws_moveit/install/moveit_task_constructor_msgs:/home/jcgg/ws_moveit/install/moveit_ros_control_interface:/home/jcgg/ws_moveit/install/moveit_plugins:/home/jcgg/ws_moveit/install/moveit_simple_controller_manager:/home/jcgg/ws_moveit/install/moveit_setup_assistant:/home/jcgg/ws_moveit/install/moveit_setup_srdf_plugins:/home/jcgg/ws_moveit/install/moveit_setup_core_plugins:/home/jcgg/ws_moveit/install/moveit_setup_controllers:/home/jcgg/ws_moveit/install/moveit_setup_app_plugins:/home/jcgg/ws_moveit/install/moveit_setup_framework:/home/jcgg/ws_moveit/install/moveit_servo:/home/jcgg/ws_moveit/install/moveit_ros:/home/jcgg/ws_moveit/install/moveit_ros_visualization:/home/jcgg/ws_moveit/install/moveit_py:/home/jcgg/ws_moveit/install/moveit_hybrid_planning:/home/jcgg/ws_moveit/install/moveit_ros_planning_interface:/home/jcgg/ws_moveit/install/moveit_ros_benchmarks:/home/jcgg/ws_moveit/install/moveit_ros_warehouse:/home/jcgg/ws_moveit/install/moveit_ros_robot_interaction:/home/jcgg/ws_moveit/install/moveit_ros_perception:/home/jcgg/ws_moveit/install/moveit_resources_prbt_pg70_support:/home/jcgg/ws_moveit/install/moveit_resources_prbt_moveit_config:/home/jcgg/ws_moveit/install/moveit_ros_move_group:/home/jcgg/ws_moveit/install/moveit_planners_ompl:/home/jcgg/ws_moveit/install/moveit_kinematics:/home/jcgg/ws_moveit/install/moveit_ros_planning:/home/jcgg/ws_moveit/install/moveit_ros_occupancy_map_monitor:/home/jcgg/ws_moveit/install/moveit_resources_prbt_support:/home/jcgg/ws_moveit/install/moveit_resources_prbt_ikfast_manipulator_plugin:/home/jcgg/ws_moveit/install/moveit_resources:/home/jcgg/ws_moveit/install/moveit_resources_pr2_description:/home/jcgg/ws_moveit/install/moveit_resources_panda_moveit_config:/home/jcgg/ws_moveit/install/dual_arm_panda_moveit_config:/home/jcgg/ws_moveit/install/moveit_resources_panda_description:/home/jcgg/ws_moveit/install/moveit_resources_fanuc_moveit_config:/home/jcgg/ws_moveit/install/moveit_resources_fanuc_description:/home/jcgg/ws_moveit/install/moveit_planners_stomp:/home/jcgg/ws_moveit/install/moveit_planners_chomp:/home/jcgg/ws_moveit/install/moveit_chomp_optimizer_adapter:/home/jcgg/ws_moveit/install/chomp_motion_planner:/home/jcgg/ws_moveit/install/moveit_core:/home/jcgg/ws_moveit/install/moveit_msgs:/home/jcgg/ws_moveit/install/moveit_common:/home/jcgg/robocol_ws/install/black_arm:/home/jcgg/robocol_ws/install/robocol_arm_moveit2:/home/jcgg/robocol_ws/install/pilz_planner:/home/jcgg/ws_moveit/install/moveit_configs_utils:/home/jcgg/robocol_ws/install/gcode_executor:/home/jcgg/robocol_ws/install/btserial_reciever:/opt/ros/humble /usr/bin/cmake --build /home/jcgg/robocol_ws/GcodeMaster/build/black_arm -- -j8 -l8
[42.113s] DEBUG:colcon.colcon_core.event_handler.log_command:Invoked command in '/home/jcgg/robocol_ws/GcodeMaster/build/black_arm' returned '0': AMENT_PREFIX_PATH=/home/jcgg/robocol_ws/GcodeMaster/install/robocol_arm_moveit2:${AMENT_PREFIX_PATH} CMAKE_PREFIX_PATH=/home/jcgg/robocol_ws/GcodeMaster/install/robocol_arm_moveit2:/home/jcgg/ws_moveit/install/moveit2_tutorials:/home/jcgg/ws_moveit/install/moveit_visual_tools:/home/jcgg/ws_moveit/install/rviz_visual_tools:/home/jcgg/ws_moveit/install/moveit_task_constructor_visualization:/home/jcgg/ws_moveit/install/moveit_task_constructor_demo:/home/jcgg/ws_moveit/install/moveit_task_constructor_capabilities:/home/jcgg/ws_moveit/install/moveit_task_constructor_core:/home/jcgg/ws_moveit/install/rviz_marker_tools:/home/jcgg/ws_moveit/install/rosparam_shortcuts:/home/jcgg/ws_moveit/install/pilz_industrial_motion_planner_testutils:/home/jcgg/ws_moveit/install/moveit_runtime:/home/jcgg/ws_moveit/install/moveit:/home/jcgg/ws_moveit/install/moveit_planners:/home/jcgg/ws_moveit/install/pilz_industrial_motion_planner:/home/jcgg/ws_moveit/install/moveit_task_constructor_msgs:/home/jcgg/ws_moveit/install/moveit_ros_control_interface:/home/jcgg/ws_moveit/install/moveit_plugins:/home/jcgg/ws_moveit/install/moveit_simple_controller_manager:/home/jcgg/ws_moveit/install/moveit_setup_assistant:/home/jcgg/ws_moveit/install/moveit_setup_srdf_plugins:/home/jcgg/ws_moveit/install/moveit_setup_core_plugins:/home/jcgg/ws_moveit/install/moveit_setup_controllers:/home/jcgg/ws_moveit/install/moveit_setup_app_plugins:/home/jcgg/ws_moveit/install/moveit_setup_framework:/home/jcgg/ws_moveit/install/moveit_servo:/home/jcgg/ws_moveit/install/moveit_ros:/home/jcgg/ws_moveit/install/moveit_ros_visualization:/home/jcgg/ws_moveit/install/moveit_py:/home/jcgg/ws_moveit/install/moveit_hybrid_planning:/home/jcgg/ws_moveit/install/moveit_ros_planning_interface:/home/jcgg/ws_moveit/install/moveit_ros_benchmarks:/home/jcgg/ws_moveit/install/moveit_ros_warehouse:/home/jcgg/ws_moveit/install/moveit_ros_robot_interaction:/home/jcgg/ws_moveit/install/moveit_ros_perception:/home/jcgg/ws_moveit/install/moveit_resources_prbt_pg70_support:/home/jcgg/ws_moveit/install/moveit_resources_prbt_moveit_config:/home/jcgg/ws_moveit/install/moveit_ros_move_group:/home/jcgg/ws_moveit/install/moveit_planners_ompl:/home/jcgg/ws_moveit/install/moveit_kinematics:/home/jcgg/ws_moveit/install/moveit_ros_planning:/home/jcgg/ws_moveit/install/moveit_ros_occupancy_map_monitor:/home/jcgg/ws_moveit/install/moveit_resources_prbt_support:/home/jcgg/ws_moveit/install/moveit_resources_prbt_ikfast_manipulator_plugin:/home/jcgg/ws_moveit/install/moveit_resources:/home/jcgg/ws_moveit/install/moveit_resources_pr2_description:/home/jcgg/ws_moveit/install/moveit_resources_panda_moveit_config:/home/jcgg/ws_moveit/install/dual_arm_panda_moveit_config:/home/jcgg/ws_moveit/install/moveit_resources_panda_description:/home/jcgg/ws_moveit/install/moveit_resources_fanuc_moveit_config:/home/jcgg/ws_moveit/install/moveit_resources_fanuc_description:/home/jcgg/ws_moveit/install/moveit_planners_stomp:/home/jcgg/ws_moveit/install/moveit_planners_chomp:/home/jcgg/ws_moveit/install/moveit_chomp_optimizer_adapter:/home/jcgg/ws_moveit/install/chomp_motion_planner:/home/jcgg/ws_moveit/install/moveit_core:/home/jcgg/ws_moveit/install/moveit_msgs:/home/jcgg/ws_moveit/install/moveit_common:/home/jcgg/robocol_ws/install/black_arm:/home/jcgg/robocol_ws/install/robocol_arm_moveit2:/home/jcgg/robocol_ws/install/pilz_planner:/home/jcgg/ws_moveit/install/moveit_configs_utils:/home/jcgg/robocol_ws/install/gcode_executor:/home/jcgg/robocol_ws/install/btserial_reciever:/opt/ros/humble /usr/bin/cmake --build /home/jcgg/robocol_ws/GcodeMaster/build/black_arm -- -j8 -l8
[42.160s] DEBUG:colcon.colcon_core.event_handler.log_command:Invoking command in '/home/jcgg/robocol_ws/GcodeMaster/build/black_arm': AMENT_PREFIX_PATH=/home/jcgg/robocol_ws/GcodeMaster/install/robocol_arm_moveit2:${AMENT_PREFIX_PATH} CMAKE_PREFIX_PATH=/home/jcgg/robocol_ws/GcodeMaster/install/robocol_arm_moveit2:/home/jcgg/ws_moveit/install/moveit2_tutorials:/home/jcgg/ws_moveit/install/moveit_visual_tools:/home/jcgg/ws_moveit/install/rviz_visual_tools:/home/jcgg/ws_moveit/install/moveit_task_constructor_visualization:/home/jcgg/ws_moveit/install/moveit_task_constructor_demo:/home/jcgg/ws_moveit/install/moveit_task_constructor_capabilities:/home/jcgg/ws_moveit/install/moveit_task_constructor_core:/home/jcgg/ws_moveit/install/rviz_marker_tools:/home/jcgg/ws_moveit/install/rosparam_shortcuts:/home/jcgg/ws_moveit/install/pilz_industrial_motion_planner_testutils:/home/jcgg/ws_moveit/install/moveit_runtime:/home/jcgg/ws_moveit/install/moveit:/home/jcgg/ws_moveit/install/moveit_planners:/home/jcgg/ws_moveit/install/pilz_industrial_motion_planner:/home/jcgg/ws_moveit/install/moveit_task_constructor_msgs:/home/jcgg/ws_moveit/install/moveit_ros_control_interface:/home/jcgg/ws_moveit/install/moveit_plugins:/home/jcgg/ws_moveit/install/moveit_simple_controller_manager:/home/jcgg/ws_moveit/install/moveit_setup_assistant:/home/jcgg/ws_moveit/install/moveit_setup_srdf_plugins:/home/jcgg/ws_moveit/install/moveit_setup_core_plugins:/home/jcgg/ws_moveit/install/moveit_setup_controllers:/home/jcgg/ws_moveit/install/moveit_setup_app_plugins:/home/jcgg/ws_moveit/install/moveit_setup_framework:/home/jcgg/ws_moveit/install/moveit_servo:/home/jcgg/ws_moveit/install/moveit_ros:/home/jcgg/ws_moveit/install/moveit_ros_visualization:/home/jcgg/ws_moveit/install/moveit_py:/home/jcgg/ws_moveit/install/moveit_hybrid_planning:/home/jcgg/ws_moveit/install/moveit_ros_planning_interface:/home/jcgg/ws_moveit/install/moveit_ros_benchmarks:/home/jcgg/ws_moveit/install/moveit_ros_warehouse:/home/jcgg/ws_moveit/install/moveit_ros_robot_interaction:/home/jcgg/ws_moveit/install/moveit_ros_perception:/home/jcgg/ws_moveit/install/moveit_resources_prbt_pg70_support:/home/jcgg/ws_moveit/install/moveit_resources_prbt_moveit_config:/home/jcgg/ws_moveit/install/moveit_ros_move_group:/home/jcgg/ws_moveit/install/moveit_planners_ompl:/home/jcgg/ws_moveit/install/moveit_kinematics:/home/jcgg/ws_moveit/install/moveit_ros_planning:/home/jcgg/ws_moveit/install/moveit_ros_occupancy_map_monitor:/home/jcgg/ws_moveit/install/moveit_resources_prbt_support:/home/jcgg/ws_moveit/install/moveit_resources_prbt_ikfast_manipulator_plugin:/home/jcgg/ws_moveit/install/moveit_resources:/home/jcgg/ws_moveit/install/moveit_resources_pr2_description:/home/jcgg/ws_moveit/install/moveit_resources_panda_moveit_config:/home/jcgg/ws_moveit/install/dual_arm_panda_moveit_config:/home/jcgg/ws_moveit/install/moveit_resources_panda_description:/home/jcgg/ws_moveit/install/moveit_resources_fanuc_moveit_config:/home/jcgg/ws_moveit/install/moveit_resources_fanuc_description:/home/jcgg/ws_moveit/install/moveit_planners_stomp:/home/jcgg/ws_moveit/install/moveit_planners_chomp:/home/jcgg/ws_moveit/install/moveit_chomp_optimizer_adapter:/home/jcgg/ws_moveit/install/chomp_motion_planner:/home/jcgg/ws_moveit/install/moveit_core:/home/jcgg/ws_moveit/install/moveit_msgs:/home/jcgg/ws_moveit/install/moveit_common:/home/jcgg/robocol_ws/install/black_arm:/home/jcgg/robocol_ws/install/robocol_arm_moveit2:/home/jcgg/robocol_ws/install/pilz_planner:/home/jcgg/ws_moveit/install/moveit_configs_utils:/home/jcgg/robocol_ws/install/gcode_executor:/home/jcgg/robocol_ws/install/btserial_reciever:/opt/ros/humble /usr/bin/cmake --install /home/jcgg/robocol_ws/GcodeMaster/build/black_arm
[42.180s] DEBUG:colcon.colcon_core.event_handler.log_command:Invoked command in '/home/jcgg/robocol_ws/GcodeMaster/build/black_arm' returned '1': AMENT_PREFIX_PATH=/home/jcgg/robocol_ws/GcodeMaster/install/robocol_arm_moveit2:${AMENT_PREFIX_PATH} CMAKE_PREFIX_PATH=/home/jcgg/robocol_ws/GcodeMaster/install/robocol_arm_moveit2:/home/jcgg/ws_moveit/install/moveit2_tutorials:/home/jcgg/ws_moveit/install/moveit_visual_tools:/home/jcgg/ws_moveit/install/rviz_visual_tools:/home/jcgg/ws_moveit/install/moveit_task_constructor_visualization:/home/jcgg/ws_moveit/install/moveit_task_constructor_demo:/home/jcgg/ws_moveit/install/moveit_task_constructor_capabilities:/home/jcgg/ws_moveit/install/moveit_task_constructor_core:/home/jcgg/ws_moveit/install/rviz_marker_tools:/home/jcgg/ws_moveit/install/rosparam_shortcuts:/home/jcgg/ws_moveit/install/pilz_industrial_motion_planner_testutils:/home/jcgg/ws_moveit/install/moveit_runtime:/home/jcgg/ws_moveit/install/moveit:/home/jcgg/ws_moveit/install/moveit_planners:/home/jcgg/ws_moveit/install/pilz_industrial_motion_planner:/home/jcgg/ws_moveit/install/moveit_task_constructor_msgs:/home/jcgg/ws_moveit/install/moveit_ros_control_interface:/home/jcgg/ws_moveit/install/moveit_plugins:/home/jcgg/ws_moveit/install/moveit_simple_controller_manager:/home/jcgg/ws_moveit/install/moveit_setup_assistant:/home/jcgg/ws_moveit/install/moveit_setup_srdf_plugins:/home/jcgg/ws_moveit/install/moveit_setup_core_plugins:/home/jcgg/ws_moveit/install/moveit_setup_controllers:/home/jcgg/ws_moveit/install/moveit_setup_app_plugins:/home/jcgg/ws_moveit/install/moveit_setup_framework:/home/jcgg/ws_moveit/install/moveit_servo:/home/jcgg/ws_moveit/install/moveit_ros:/home/jcgg/ws_moveit/install/moveit_ros_visualization:/home/jcgg/ws_moveit/install/moveit_py:/home/jcgg/ws_moveit/install/moveit_hybrid_planning:/home/jcgg/ws_moveit/install/moveit_ros_planning_interface:/home/jcgg/ws_moveit/install/moveit_ros_benchmarks:/home/jcgg/ws_moveit/install/moveit_ros_warehouse:/home/jcgg/ws_moveit/install/moveit_ros_robot_interaction:/home/jcgg/ws_moveit/install/moveit_ros_perception:/home/jcgg/ws_moveit/install/moveit_resources_prbt_pg70_support:/home/jcgg/ws_moveit/install/moveit_resources_prbt_moveit_config:/home/jcgg/ws_moveit/install/moveit_ros_move_group:/home/jcgg/ws_moveit/install/moveit_planners_ompl:/home/jcgg/ws_moveit/install/moveit_kinematics:/home/jcgg/ws_moveit/install/moveit_ros_planning:/home/jcgg/ws_moveit/install/moveit_ros_occupancy_map_monitor:/home/jcgg/ws_moveit/install/moveit_resources_prbt_support:/home/jcgg/ws_moveit/install/moveit_resources_prbt_ikfast_manipulator_plugin:/home/jcgg/ws_moveit/install/moveit_resources:/home/jcgg/ws_moveit/install/moveit_resources_pr2_description:/home/jcgg/ws_moveit/install/moveit_resources_panda_moveit_config:/home/jcgg/ws_moveit/install/dual_arm_panda_moveit_config:/home/jcgg/ws_moveit/install/moveit_resources_panda_description:/home/jcgg/ws_moveit/install/moveit_resources_fanuc_moveit_config:/home/jcgg/ws_moveit/install/moveit_resources_fanuc_description:/home/jcgg/ws_moveit/install/moveit_planners_stomp:/home/jcgg/ws_moveit/install/moveit_planners_chomp:/home/jcgg/ws_moveit/install/moveit_chomp_optimizer_adapter:/home/jcgg/ws_moveit/install/chomp_motion_planner:/home/jcgg/ws_moveit/install/moveit_core:/home/jcgg/ws_moveit/install/moveit_msgs:/home/jcgg/ws_moveit/install/moveit_common:/home/jcgg/robocol_ws/install/black_arm:/home/jcgg/robocol_ws/install/robocol_arm_moveit2:/home/jcgg/robocol_ws/install/pilz_planner:/home/jcgg/ws_moveit/install/moveit_configs_utils:/home/jcgg/robocol_ws/install/gcode_executor:/home/jcgg/robocol_ws/install/btserial_reciever:/opt/ros/humble /usr/bin/cmake --install /home/jcgg/robocol_ws/GcodeMaster/build/black_arm
[42.244s] Level 1:colcon.colcon_core.environment:create_environment_scripts_only(black_arm)
[42.262s] Level 1:colcon.colcon_core.environment:checking '/home/jcgg/robocol_ws/GcodeMaster/install/black_arm' for CMake module files
[42.263s] Level 1:colcon.colcon_core.environment:checking '/home/jcgg/robocol_ws/GcodeMaster/install/black_arm' for CMake config files
[42.263s] Level 1:colcon.colcon_core.shell:create_environment_hook('black_arm', 'cmake_prefix_path')
[42.292s] INFO:colcon.colcon_core.shell:Creating environment hook '/home/jcgg/robocol_ws/GcodeMaster/install/black_arm/share/black_arm/hook/cmake_prefix_path.ps1'
[42.293s] INFO:colcon.colcon_core.shell:Creating environment descriptor '/home/jcgg/robocol_ws/GcodeMaster/install/black_arm/share/black_arm/hook/cmake_prefix_path.dsv'
[42.293s] INFO:colcon.colcon_core.shell:Creating environment hook '/home/jcgg/robocol_ws/GcodeMaster/install/black_arm/share/black_arm/hook/cmake_prefix_path.sh'
[42.293s] Level 1:colcon.colcon_core.environment:checking '/home/jcgg/robocol_ws/GcodeMaster/install/black_arm/bin'
[42.294s] Level 1:colcon.colcon_core.environment:checking '/home/jcgg/robocol_ws/GcodeMaster/install/black_arm/lib/pkgconfig/black_arm.pc'
[42.294s] Level 1:colcon.colcon_core.environment:checking '/home/jcgg/robocol_ws/GcodeMaster/install/black_arm/lib/python3.10/site-packages'
[42.294s] Level 1:colcon.colcon_core.environment:checking '/home/jcgg/robocol_ws/GcodeMaster/install/black_arm/bin'
[42.312s] INFO:colcon.colcon_core.shell:Creating package script '/home/jcgg/robocol_ws/GcodeMaster/install/black_arm/share/black_arm/package.ps1'
[42.313s] INFO:colcon.colcon_core.shell:Creating package descriptor '/home/jcgg/robocol_ws/GcodeMaster/install/black_arm/share/black_arm/package.dsv'
[42.313s] INFO:colcon.colcon_core.shell:Creating package script '/home/jcgg/robocol_ws/GcodeMaster/install/black_arm/share/black_arm/package.sh'
[42.313s] INFO:colcon.colcon_core.shell:Creating package script '/home/jcgg/robocol_ws/GcodeMaster/install/black_arm/share/black_arm/package.bash'
[42.314s] INFO:colcon.colcon_core.shell:Creating package script '/home/jcgg/robocol_ws/GcodeMaster/install/black_arm/share/black_arm/package.zsh'
[42.314s] Level 1:colcon.colcon_core.environment:create_file_with_runtime_dependencies(/home/jcgg/robocol_ws/GcodeMaster/install/black_arm/share/colcon-core/packages/black_arm)
[42.325s] DEBUG:colcon.colcon_parallel_executor.executor.parallel:closing loop
[42.325s] DEBUG:colcon.colcon_parallel_executor.executor.parallel:loop closed
[42.325s] DEBUG:colcon.colcon_parallel_executor.executor.parallel:run_until_complete finished with '1'
[42.325s] DEBUG:colcon.colcon_core.event_reactor:joining thread
[42.380s] INFO:colcon.colcon_core.plugin_system:Skipping extension 'colcon_notification.desktop_notification.terminal_notifier': Not used on non-Darwin systems
[42.380s] INFO:colcon.colcon_core.plugin_system:Skipping extension 'colcon_notification.desktop_notification.win32': Not used on non-Windows systems
[42.380s] INFO:colcon.colcon_notification.desktop_notification:Sending desktop notification using 'notify2'
[42.392s] DEBUG:colcon.colcon_core.event_reactor:joined thread
[42.412s] INFO:colcon.colcon_core.shell:Creating prefix script '/home/jcgg/robocol_ws/GcodeMaster/install/local_setup.ps1'
[42.413s] INFO:colcon.colcon_core.shell:Creating prefix util module '/home/jcgg/robocol_ws/GcodeMaster/install/_local_setup_util_ps1.py'
[42.416s] INFO:colcon.colcon_core.shell:Creating prefix chain script '/home/jcgg/robocol_ws/GcodeMaster/install/setup.ps1'
[42.440s] INFO:colcon.colcon_core.shell:Creating prefix script '/home/jcgg/robocol_ws/GcodeMaster/install/local_setup.sh'
[42.441s] INFO:colcon.colcon_core.shell:Creating prefix util module '/home/jcgg/robocol_ws/GcodeMaster/install/_local_setup_util_sh.py'
[42.441s] INFO:colcon.colcon_core.shell:Creating prefix chain script '/home/jcgg/robocol_ws/GcodeMaster/install/setup.sh'
[42.464s] INFO:colcon.colcon_core.shell:Creating prefix script '/home/jcgg/robocol_ws/GcodeMaster/install/local_setup.bash'
[42.464s] INFO:colcon.colcon_core.shell:Creating prefix chain script '/home/jcgg/robocol_ws/GcodeMaster/install/setup.bash'
[42.487s] INFO:colcon.colcon_core.shell:Creating prefix script '/home/jcgg/robocol_ws/GcodeMaster/install/local_setup.zsh'
[42.488s] INFO:colcon.colcon_core.shell:Creating prefix chain script '/home/jcgg/robocol_ws/GcodeMaster/install/setup.zsh'
