-- Install configuration: ""
-- Up-to-date: /home/jcgg/robocol_ws/GcodeMaster/install/black_arm/share/ament_index/resource_index/package_run_dependencies/black_arm
-- Up-to-date: /home/jcgg/robocol_ws/GcodeMaster/install/black_arm/share/ament_index/resource_index/parent_prefix_path/black_arm
-- Up-to-date: /home/jcgg/robocol_ws/GcodeMaster/install/black_arm/share/black_arm/environment/ament_prefix_path.sh
-- Up-to-date: /home/jcgg/robocol_ws/GcodeMaster/install/black_arm/share/black_arm/environment/ament_prefix_path.dsv
-- Up-to-date: /home/jcgg/robocol_ws/GcodeMaster/install/black_arm/share/black_arm/environment/path.sh
-- Up-to-date: /home/jcgg/robocol_ws/GcodeMaster/install/black_arm/share/black_arm/environment/path.dsv
-- Up-to-date: /home/jcgg/robocol_ws/GcodeMaster/install/black_arm/share/black_arm/local_setup.bash
-- Up-to-date: /home/jcgg/robocol_ws/GcodeMaster/install/black_arm/share/black_arm/local_setup.sh
-- Up-to-date: /home/jcgg/robocol_ws/GcodeMaster/install/black_arm/share/black_arm/local_setup.zsh
-- Up-to-date: /home/jcgg/robocol_ws/GcodeMaster/install/black_arm/share/black_arm/local_setup.dsv
-- Up-to-date: /home/jcgg/robocol_ws/GcodeMaster/install/black_arm/share/black_arm/package.dsv
-- Up-to-date: /home/jcgg/robocol_ws/GcodeMaster/install/black_arm/share/ament_index/resource_index/packages/black_arm
-- Up-to-date: /home/jcgg/robocol_ws/GcodeMaster/install/black_arm/share/black_arm/cmake/black_armConfig.cmake
-- Up-to-date: /home/jcgg/robocol_ws/GcodeMaster/install/black_arm/share/black_arm/cmake/black_armConfig-version.cmake
-- Up-to-date: /home/jcgg/robocol_ws/GcodeMaster/install/black_arm/share/black_arm/package.xml
-- Up-to-date: /home/jcgg/robocol_ws/GcodeMaster/install/black_arm/share/black_arm/launch
-- Up-to-date: /home/jcgg/robocol_ws/GcodeMaster/install/black_arm/share/black_arm/launch/static_virtual_joint_tfs.launch.py
-- Up-to-date: /home/jcgg/robocol_ws/GcodeMaster/install/black_arm/share/black_arm/launch/gcode.launch.py
-- Up-to-date: /home/jcgg/robocol_ws/GcodeMaster/install/black_arm/share/black_arm/launch/move_group.launch.py
-- Up-to-date: /home/jcgg/robocol_ws/GcodeMaster/install/black_arm/share/black_arm/launch/spawn_controllers.launch.py
-- Up-to-date: /home/jcgg/robocol_ws/GcodeMaster/install/black_arm/share/black_arm/launch/rsp.launch.py
-- Up-to-date: /home/jcgg/robocol_ws/GcodeMaster/install/black_arm/share/black_arm/launch/demo.launch.py
-- Up-to-date: /home/jcgg/robocol_ws/GcodeMaster/install/black_arm/share/black_arm/launch/setup_assistant.launch.py
-- Up-to-date: /home/jcgg/robocol_ws/GcodeMaster/install/black_arm/share/black_arm/launch/moveit_rviz.launch.py
-- Up-to-date: /home/jcgg/robocol_ws/GcodeMaster/install/black_arm/share/black_arm/launch/warehouse_db.launch.py
-- Up-to-date: /home/jcgg/robocol_ws/GcodeMaster/install/black_arm/share/black_arm/config
-- Up-to-date: /home/jcgg/robocol_ws/GcodeMaster/install/black_arm/share/black_arm/config/joint_limits.yaml
-- Up-to-date: /home/jcgg/robocol_ws/GcodeMaster/install/black_arm/share/black_arm/config/pilz_industrial_motion_planner_planning.yaml
-- Up-to-date: /home/jcgg/robocol_ws/GcodeMaster/install/black_arm/share/black_arm/config/robocol_arm.ros2_control.xacro
-- Up-to-date: /home/jcgg/robocol_ws/GcodeMaster/install/black_arm/share/black_arm/config/initial_positions.yaml
-- Up-to-date: /home/jcgg/robocol_ws/GcodeMaster/install/black_arm/share/black_arm/config/stomp_planning.yaml
-- Up-to-date: /home/jcgg/robocol_ws/GcodeMaster/install/black_arm/share/black_arm/config/robocol_arm.srdf
-- Up-to-date: /home/jcgg/robocol_ws/GcodeMaster/install/black_arm/share/black_arm/config/ompl_planning.yaml
-- Up-to-date: /home/jcgg/robocol_ws/GcodeMaster/install/black_arm/share/black_arm/config/moveit_controllers.yaml
-- Up-to-date: /home/jcgg/robocol_ws/GcodeMaster/install/black_arm/share/black_arm/config/pilz_cartesian_limits.yaml
-- Up-to-date: /home/jcgg/robocol_ws/GcodeMaster/install/black_arm/share/black_arm/config/kinematics.yaml
-- Up-to-date: /home/jcgg/robocol_ws/GcodeMaster/install/black_arm/share/black_arm/config/robocol_arm.urdf.xacro
-- Up-to-date: /home/jcgg/robocol_ws/GcodeMaster/install/black_arm/share/black_arm/config/chomp_planning.yaml
-- Up-to-date: /home/jcgg/robocol_ws/GcodeMaster/install/black_arm/share/black_arm/config/moveit.rviz
-- Up-to-date: /home/jcgg/robocol_ws/GcodeMaster/install/black_arm/share/black_arm/config/ros2_controllers.yaml
-- Installing: /home/jcgg/robocol_ws/GcodeMaster/install/black_arm/share/black_arm/.setup_assistant
