running egg_info
creating ../../build/gcode_executor/gcode_executor.egg-info
writing ../../build/gcode_executor/gcode_executor.egg-info/PKG-INFO
writing dependency_links to ../../build/gcode_executor/gcode_executor.egg-info/dependency_links.txt
writing entry points to ../../build/gcode_executor/gcode_executor.egg-info/entry_points.txt
writing requirements to ../../build/gcode_executor/gcode_executor.egg-info/requires.txt
writing top-level names to ../../build/gcode_executor/gcode_executor.egg-info/top_level.txt
writing manifest file '../../build/gcode_executor/gcode_executor.egg-info/SOURCES.txt'
reading manifest file '../../build/gcode_executor/gcode_executor.egg-info/SOURCES.txt'
writing manifest file '../../build/gcode_executor/gcode_executor.egg-info/SOURCES.txt'
running build
running build_py
creating /home/jcgg/robocol_ws/GcodeMaster/build/gcode_executor/build
creating /home/jcgg/robocol_ws/GcodeMaster/build/gcode_executor/build/lib
creating /home/jcgg/robocol_ws/GcodeMaster/build/gcode_executor/build/lib/gcode_executor
copying gcode_executor/gui.py -> /home/jcgg/robocol_ws/GcodeMaster/build/gcode_executor/build/lib/gcode_executor
copying gcode_executor/__init__.py -> /home/jcgg/robocol_ws/GcodeMaster/build/gcode_executor/build/lib/gcode_executor
copying gcode_executor/gcode_reader.py -> /home/jcgg/robocol_ws/GcodeMaster/build/gcode_executor/build/lib/gcode_executor
running install
/home/jcgg/.local/lib/python3.10/site-packages/setuptools/_distutils/cmd.py:66: SetuptoolsDeprecationWarning: setup.py install is deprecated.
!!

        ********************************************************************************
        Please avoid running ``setup.py`` directly.
        Instead, use pypa/build, pypa/installer or other
        standards-based tools.

        See https://blog.ganssle.io/articles/2021/10/setup-py-deprecated.html for details.
        ********************************************************************************

!!
  self.initialize_options()
running install_lib
creating /home/jcgg/robocol_ws/GcodeMaster/install/gcode_executor/lib/python3.10/site-packages/gcode_executor
copying /home/jcgg/robocol_ws/GcodeMaster/build/gcode_executor/build/lib/gcode_executor/gui.py -> /home/jcgg/robocol_ws/GcodeMaster/install/gcode_executor/lib/python3.10/site-packages/gcode_executor
copying /home/jcgg/robocol_ws/GcodeMaster/build/gcode_executor/build/lib/gcode_executor/__init__.py -> /home/jcgg/robocol_ws/GcodeMaster/install/gcode_executor/lib/python3.10/site-packages/gcode_executor
copying /home/jcgg/robocol_ws/GcodeMaster/build/gcode_executor/build/lib/gcode_executor/gcode_reader.py -> /home/jcgg/robocol_ws/GcodeMaster/install/gcode_executor/lib/python3.10/site-packages/gcode_executor
byte-compiling /home/jcgg/robocol_ws/GcodeMaster/install/gcode_executor/lib/python3.10/site-packages/gcode_executor/gui.py to gui.cpython-310.pyc
byte-compiling /home/jcgg/robocol_ws/GcodeMaster/install/gcode_executor/lib/python3.10/site-packages/gcode_executor/__init__.py to __init__.cpython-310.pyc
byte-compiling /home/jcgg/robocol_ws/GcodeMaster/install/gcode_executor/lib/python3.10/site-packages/gcode_executor/gcode_reader.py to gcode_reader.cpython-310.pyc
running install_data
creating /home/jcgg/robocol_ws/GcodeMaster/install/gcode_executor/share/ament_index
creating /home/jcgg/robocol_ws/GcodeMaster/install/gcode_executor/share/ament_index/resource_index
creating /home/jcgg/robocol_ws/GcodeMaster/install/gcode_executor/share/ament_index/resource_index/packages
copying resource/gcode_executor -> /home/jcgg/robocol_ws/GcodeMaster/install/gcode_executor/share/ament_index/resource_index/packages
copying package.xml -> /home/jcgg/robocol_ws/GcodeMaster/install/gcode_executor/share/gcode_executor
running install_egg_info
Copying ../../build/gcode_executor/gcode_executor.egg-info to /home/jcgg/robocol_ws/GcodeMaster/install/gcode_executor/lib/python3.10/site-packages/gcode_executor-1.0.0-py3.10.egg-info
running install_scripts
Installing gcode_reader script to /home/jcgg/robocol_ws/GcodeMaster/install/gcode_executor/lib/gcode_executor
Installing gui script to /home/jcgg/robocol_ws/GcodeMaster/install/gcode_executor/lib/gcode_executor
writing list of installed files to '/home/jcgg/robocol_ws/GcodeMaster/build/gcode_executor/install.log'
