[1.385s] Invoking command in '/home/jcgg/robocol_ws/GcodeMaster/src/gcode_executor': PYTHONPATH=/home/jcgg/robocol_ws/GcodeMaster/build/gcode_executor/prefix_override:/home/jcgg/robocol_ws/GcodeMaster/install/gcode_executor/lib/python3.10/site-packages:${PYTHONPATH} /usr/bin/python3 setup.py egg_info --egg-base ../../build/gcode_executor build --build-base /home/jcgg/robocol_ws/GcodeMaster/build/gcode_executor/build install --record /home/jcgg/robocol_ws/GcodeMaster/build/gcode_executor/install.log --single-version-externally-managed
[1.650s] running egg_info
[1.650s] creating ../../build/gcode_executor/gcode_executor.egg-info
[1.672s] writing ../../build/gcode_executor/gcode_executor.egg-info/PKG-INFO
[1.673s] writing dependency_links to ../../build/gcode_executor/gcode_executor.egg-info/dependency_links.txt
[1.673s] writing entry points to ../../build/gcode_executor/gcode_executor.egg-info/entry_points.txt
[1.673s] writing requirements to ../../build/gcode_executor/gcode_executor.egg-info/requires.txt
[1.673s] writing top-level names to ../../build/gcode_executor/gcode_executor.egg-info/top_level.txt
[1.673s] writing manifest file '../../build/gcode_executor/gcode_executor.egg-info/SOURCES.txt'
[1.716s] reading manifest file '../../build/gcode_executor/gcode_executor.egg-info/SOURCES.txt'
[1.717s] writing manifest file '../../build/gcode_executor/gcode_executor.egg-info/SOURCES.txt'
[1.717s] running build
[1.717s] running build_py
[1.717s] creating /home/jcgg/robocol_ws/GcodeMaster/build/gcode_executor/build
[1.718s] creating /home/jcgg/robocol_ws/GcodeMaster/build/gcode_executor/build/lib
[1.718s] creating /home/jcgg/robocol_ws/GcodeMaster/build/gcode_executor/build/lib/gcode_executor
[1.718s] copying gcode_executor/gui.py -> /home/jcgg/robocol_ws/GcodeMaster/build/gcode_executor/build/lib/gcode_executor
[1.718s] copying gcode_executor/__init__.py -> /home/jcgg/robocol_ws/GcodeMaster/build/gcode_executor/build/lib/gcode_executor
[1.719s] copying gcode_executor/gcode_reader.py -> /home/jcgg/robocol_ws/GcodeMaster/build/gcode_executor/build/lib/gcode_executor
[1.719s] running install
[1.719s] /home/jcgg/.local/lib/python3.10/site-packages/setuptools/_distutils/cmd.py:66: SetuptoolsDeprecationWarning: setup.py install is deprecated.
[1.719s] !!
[1.719s] 
[1.719s]         ********************************************************************************
[1.719s]         Please avoid running ``setup.py`` directly.
[1.720s]         Instead, use pypa/build, pypa/installer or other
[1.720s]         standards-based tools.
[1.720s] 
[1.720s]         See https://blog.ganssle.io/articles/2021/10/setup-py-deprecated.html for details.
[1.720s]         ********************************************************************************
[1.720s] 
[1.720s] !!
[1.720s]   self.initialize_options()
[1.725s] running install_lib
[1.744s] creating /home/jcgg/robocol_ws/GcodeMaster/install/gcode_executor/lib/python3.10/site-packages/gcode_executor
[1.745s] copying /home/jcgg/robocol_ws/GcodeMaster/build/gcode_executor/build/lib/gcode_executor/gui.py -> /home/jcgg/robocol_ws/GcodeMaster/install/gcode_executor/lib/python3.10/site-packages/gcode_executor
[1.745s] copying /home/jcgg/robocol_ws/GcodeMaster/build/gcode_executor/build/lib/gcode_executor/__init__.py -> /home/jcgg/robocol_ws/GcodeMaster/install/gcode_executor/lib/python3.10/site-packages/gcode_executor
[1.745s] copying /home/jcgg/robocol_ws/GcodeMaster/build/gcode_executor/build/lib/gcode_executor/gcode_reader.py -> /home/jcgg/robocol_ws/GcodeMaster/install/gcode_executor/lib/python3.10/site-packages/gcode_executor
[1.746s] byte-compiling /home/jcgg/robocol_ws/GcodeMaster/install/gcode_executor/lib/python3.10/site-packages/gcode_executor/gui.py to gui.cpython-310.pyc
[1.752s] byte-compiling /home/jcgg/robocol_ws/GcodeMaster/install/gcode_executor/lib/python3.10/site-packages/gcode_executor/__init__.py to __init__.cpython-310.pyc
[1.752s] byte-compiling /home/jcgg/robocol_ws/GcodeMaster/install/gcode_executor/lib/python3.10/site-packages/gcode_executor/gcode_reader.py to gcode_reader.cpython-310.pyc
[1.754s] running install_data
[1.776s] creating /home/jcgg/robocol_ws/GcodeMaster/install/gcode_executor/share/ament_index
[1.776s] creating /home/jcgg/robocol_ws/GcodeMaster/install/gcode_executor/share/ament_index/resource_index
[1.776s] creating /home/jcgg/robocol_ws/GcodeMaster/install/gcode_executor/share/ament_index/resource_index/packages
[1.776s] copying resource/gcode_executor -> /home/jcgg/robocol_ws/GcodeMaster/install/gcode_executor/share/ament_index/resource_index/packages
[1.776s] copying package.xml -> /home/jcgg/robocol_ws/GcodeMaster/install/gcode_executor/share/gcode_executor
[1.776s] running install_egg_info
[1.796s] Copying ../../build/gcode_executor/gcode_executor.egg-info to /home/jcgg/robocol_ws/GcodeMaster/install/gcode_executor/lib/python3.10/site-packages/gcode_executor-1.0.0-py3.10.egg-info
[1.797s] running install_scripts
[1.977s] Installing gcode_reader script to /home/jcgg/robocol_ws/GcodeMaster/install/gcode_executor/lib/gcode_executor
[1.977s] Installing gui script to /home/jcgg/robocol_ws/GcodeMaster/install/gcode_executor/lib/gcode_executor
[1.978s] writing list of installed files to '/home/jcgg/robocol_ws/GcodeMaster/build/gcode_executor/install.log'
[2.069s] Invoked command in '/home/jcgg/robocol_ws/GcodeMaster/src/gcode_executor' returned '0': PYTHONPATH=/home/jcgg/robocol_ws/GcodeMaster/build/gcode_executor/prefix_override:/home/jcgg/robocol_ws/GcodeMaster/install/gcode_executor/lib/python3.10/site-packages:${PYTHONPATH} /usr/bin/python3 setup.py egg_info --egg-base ../../build/gcode_executor build --build-base /home/jcgg/robocol_ws/GcodeMaster/build/gcode_executor/build install --record /home/jcgg/robocol_ws/GcodeMaster/build/gcode_executor/install.log --single-version-externally-managed
