-- The C compiler identification is GNU 11.4.0
-- The CXX compiler identification is GNU 11.4.0
-- Detecting C compiler ABI info
-- Detecting C compiler ABI info - done
-- Check for working C compiler: /usr/bin/cc - skipped
-- Detecting C compile features
-- Detecting C compile features - done
-- Detecting CXX compiler ABI info
-- Detecting CXX compiler ABI info - done
-- Check for working CXX compiler: /usr/bin/c++ - skipped
-- Detecting CXX compile features
-- Detecting CXX compile features - done
-- Found ament_cmake: 1.3.5 (/opt/ros/humble/share/ament_cmake/cmake)
-- Found Python3: /usr/bin/python3.10 (found version "3.10.12") found components: Interpreter 
-- Found moveit_ros_planning_interface: 2.7.4 (/home/jcgg/ws_moveit/install/moveit_ros_planning_interface/share/moveit_ros_planning_interface/cmake)
-- Found Boost: /usr/lib/x86_64-linux-gnu/cmake/Boost-1.74.0/BoostConfig.cmake (found version "1.74.0") found components: date_time filesystem program_options system thread 
-- Found rosidl_generator_c: 3.1.5 (/opt/ros/humble/share/rosidl_generator_c/cmake)
-- Found rosidl_adapter: 3.1.5 (/opt/ros/humble/share/rosidl_adapter/cmake)
-- Found rosidl_generator_cpp: 3.1.5 (/opt/ros/humble/share/rosidl_generator_cpp/cmake)
-- Using all available rosidl_typesupport_c: rosidl_typesupport_fastrtps_c;rosidl_typesupport_introspection_c
-- Using all available rosidl_typesupport_cpp: rosidl_typesupport_fastrtps_cpp;rosidl_typesupport_introspection_cpp
-- Found Boost: /usr/lib/x86_64-linux-gnu/cmake/Boost-1.74.0/BoostConfig.cmake (found version "1.74.0") found components: chrono date_time filesystem iostreams program_options regex serialization system thread 
-- Found parameter_traits: 0.3.6 (/opt/ros/humble/share/parameter_traits/cmake)
-- Found rmw_implementation_cmake: 6.1.1 (/opt/ros/humble/share/rmw_implementation_cmake/cmake)
-- Found rmw_cyclonedds_cpp: 1.3.4 (/opt/ros/humble/share/rmw_cyclonedds_cpp/cmake)
-- Using RMW implementation 'rmw_cyclonedds_cpp' as default
-- Found Threads: TRUE  
-- Found rclcpp_lifecycle: 16.0.6 (/opt/ros/humble/share/rclcpp_lifecycle/cmake)
-- Found Boost: /usr/lib/x86_64-linux-gnu/cmake/Boost-1.74.0/BoostConfig.cmake (found version "1.74.0") found components: filesystem 
-- library: /usr/lib/x86_64-linux-gnu/libcurl.so
-- Found Eigen3: TRUE (found version "3.4.0") 
-- Ensuring Eigen3 include directory is part of orocos-kdl CMake target
-- Found Boost: /usr/lib/x86_64-linux-gnu/cmake/Boost-1.74.0/BoostConfig.cmake (found version "1.74.0") found components: system filesystem date_time program_options thread chrono 
-- Found Boost: /usr/lib/x86_64-linux-gnu/cmake/Boost-1.74.0/BoostConfig.cmake (found version "1.74.0") found components: thread system filesystem regex date_time program_options 
-- Found Boost: /usr/lib/x86_64-linux-gnu/cmake/Boost-1.74.0/BoostConfig.cmake (found version "1.74.0") found components: system filesystem date_time program_options thread 
-- Found moveit_visual_tools: 4.1.0 (/home/jcgg/ws_moveit/install/moveit_visual_tools/share/moveit_visual_tools/cmake)
-- Setting OGRE_DIR to: '/opt/ros/humble/share/rviz_ogre_vendor/cmake/../../../opt/rviz_ogre_vendor/lib/OGRE/cmake'
-- Found OGRE
--   static     : OFF
--   components : HLMS;MeshLodGenerator;Overlay;Paging;Property;RTShaderSystem;Terrain;Volume
--   plugins    : Plugin_BSPSceneManager;Plugin_OctreeSceneManager;Plugin_PCZSceneManager;Plugin_ParticleFX;RenderSystem_GL;RenderSystem_GL3Plus;Codec_STBI
--   media      : /opt/ros/humble/opt/rviz_ogre_vendor/share/OGRE/Media
-- OGRE_LIBRARIES: OgreHLMS;OgreMeshLodGenerator;OgreOverlay;OgrePaging;OgreProperty;OgreRTShaderSystem;OgreTerrain;OgreVolume;OgreMain
-- OGRE_LIBRARY_DIRS: /opt/ros/humble/opt/rviz_ogre_vendor/lib
-- OGRE_PLUGINS: Plugin_BSPSceneManager;Plugin_OctreeSceneManager;Plugin_PCZSceneManager;Plugin_ParticleFX;RenderSystem_GL;RenderSystem_GL3Plus;Codec_STBI
-- OGRE_PLUGIN_DIR: /opt/ros/humble/opt/rviz_ogre_vendor/lib/OGRE
-- rviz_ogre_vendor::OgreOverlay for IMPORTED_LOCATION_RELEASE: /opt/ros/humble/opt/rviz_ogre_vendor/lib/libOgreOverlay.so
-- rviz_ogre_vendor::OgreOverlay for IMPORTED_LOCATION_DEBUG: /opt/ros/humble/opt/rviz_ogre_vendor/lib/libOgreOverlay.so
-- rviz_ogre_vendor::OgreMain for IMPORTED_LOCATION_RELEASE: /opt/ros/humble/opt/rviz_ogre_vendor/lib/libOgreMain.so
-- rviz_ogre_vendor::OgreMain for IMPORTED_LOCATION_DEBUG: /opt/ros/humble/opt/rviz_ogre_vendor/lib/libOgreMain.so
-- Could not find freeimage library
-- Found ZLIB: /usr/lib/x86_64-linux-gnu/libz.so (found version "1.2.11") 
-- Found OpenGL: /usr/lib/x86_64-linux-gnu/libOpenGL.so   
-- Found X11: /usr/include   
-- Looking for XOpenDisplay in /usr/lib/x86_64-linux-gnu/libX11.so;/usr/lib/x86_64-linux-gnu/libXext.so
-- Looking for XOpenDisplay in /usr/lib/x86_64-linux-gnu/libX11.so;/usr/lib/x86_64-linux-gnu/libXext.so - found
-- Looking for gethostbyname
-- Looking for gethostbyname - found
-- Looking for connect
-- Looking for connect - found
-- Looking for remove
-- Looking for remove - found
-- Looking for shmat
-- Looking for shmat - found
-- Looking for IceConnectionNumber in ICE
-- Looking for IceConnectionNumber in ICE - found
-- rviz_ogre_vendor::RenderSystem_GL for IMPORTED_LOCATION_RELEASE: _render_system_gl_static_library_abs-NOTFOUND
-- rviz_ogre_vendor::RenderSystem_GL for IMPORTED_LOCATION_DEBUG: _render_system_gl_static_library_abs-NOTFOUND
-- Found ament_lint_auto: 0.12.8 (/opt/ros/humble/share/ament_lint_auto/cmake)
-- Added test 'cppcheck' to perform static code analysis on C / C++ code
-- Configured cppcheck include dirs: $<BUILD_INTERFACE:/home/jcgg/robocol_ws/GcodeMaster/src/robocol_arm_moveit2/include>
-- Configured cppcheck exclude dirs and/or files: 
-- Added test 'lint_cmake' to check CMake code style
-- Added test 'uncrustify' to check C / C++ code style
-- Configured uncrustify additional arguments: 
-- Added test 'xmllint' to check XML markup files
-- Configuring done
-- Generating done
-- Build files have been written to: /home/jcgg/robocol_ws/GcodeMaster/build/robocol_arm_moveit2
[ 10%] [32mBuilding CXX object CMakeFiles/traj_extractor.dir/src/traj_extractor.cpp.o[0m
[ 20%] [32mBuilding CXX object CMakeFiles/pilz_planning.dir/src/pilz_planning.cpp.o[0m
[ 30%] [32mBuilding CXX object CMakeFiles/planning_test.dir/src/planning_test.cpp.o[0m
[ 40%] [32mBuilding CXX object CMakeFiles/main_node.dir/src/main_node.cpp.o[0m
[ 50%] [32mBuilding CXX object CMakeFiles/plan_2_arm.dir/src/plan_2_arm.cpp.o[0m
[ 60%] [32m[1mLinking CXX executable main_node[0m
[ 60%] Built target main_node
[ 70%] [32m[1mLinking CXX executable traj_extractor[0m
[ 70%] Built target traj_extractor
[ 80%] [32m[1mLinking CXX executable plan_2_arm[0m
[ 80%] Built target plan_2_arm
[ 90%] [32m[1mLinking CXX executable pilz_planning[0m
[100%] [32m[1mLinking CXX executable planning_test[0m
[100%] Built target pilz_planning
[100%] Built target planning_test
-- Install configuration: ""
-- Installing: /home/jcgg/robocol_ws/GcodeMaster/install/robocol_arm_moveit2/lib/robocol_arm_moveit2/main_node
-- Set runtime path of "/home/jcgg/robocol_ws/GcodeMaster/install/robocol_arm_moveit2/lib/robocol_arm_moveit2/main_node" to ""
-- Installing: /home/jcgg/robocol_ws/GcodeMaster/install/robocol_arm_moveit2/lib/robocol_arm_moveit2/planning_test
-- Set runtime path of "/home/jcgg/robocol_ws/GcodeMaster/install/robocol_arm_moveit2/lib/robocol_arm_moveit2/planning_test" to ""
-- Installing: /home/jcgg/robocol_ws/GcodeMaster/install/robocol_arm_moveit2/lib/robocol_arm_moveit2/plan_2_arm
-- Set runtime path of "/home/jcgg/robocol_ws/GcodeMaster/install/robocol_arm_moveit2/lib/robocol_arm_moveit2/plan_2_arm" to ""
-- Installing: /home/jcgg/robocol_ws/GcodeMaster/install/robocol_arm_moveit2/lib/robocol_arm_moveit2/traj_extractor
-- Set runtime path of "/home/jcgg/robocol_ws/GcodeMaster/install/robocol_arm_moveit2/lib/robocol_arm_moveit2/traj_extractor" to ""
-- Installing: /home/jcgg/robocol_ws/GcodeMaster/install/robocol_arm_moveit2/lib/robocol_arm_moveit2/pilz_planning
-- Set runtime path of "/home/jcgg/robocol_ws/GcodeMaster/install/robocol_arm_moveit2/lib/robocol_arm_moveit2/pilz_planning" to ""
-- Installing: /home/jcgg/robocol_ws/GcodeMaster/install/robocol_arm_moveit2/share/robocol_arm_moveit2/meshes
-- Installing: /home/jcgg/robocol_ws/GcodeMaster/install/robocol_arm_moveit2/share/robocol_arm_moveit2/meshes/visual
-- Installing: /home/jcgg/robocol_ws/GcodeMaster/install/robocol_arm_moveit2/share/robocol_arm_moveit2/meshes/visual/v2_hand_complete.stl
-- Installing: /home/jcgg/robocol_ws/GcodeMaster/install/robocol_arm_moveit2/share/robocol_arm_moveit2/meshes/visual/v2_finger_2.stl
-- Installing: /home/jcgg/robocol_ws/GcodeMaster/install/robocol_arm_moveit2/share/robocol_arm_moveit2/meshes/visual/v2_link4.stl
-- Installing: /home/jcgg/robocol_ws/GcodeMaster/install/robocol_arm_moveit2/share/robocol_arm_moveit2/meshes/visual/v1_finger_1.stl
-- Installing: /home/jcgg/robocol_ws/GcodeMaster/install/robocol_arm_moveit2/share/robocol_arm_moveit2/meshes/visual/v2_hand.stl
-- Installing: /home/jcgg/robocol_ws/GcodeMaster/install/robocol_arm_moveit2/share/robocol_arm_moveit2/meshes/visual/v2_link5.stl
-- Installing: /home/jcgg/robocol_ws/GcodeMaster/install/robocol_arm_moveit2/share/robocol_arm_moveit2/meshes/visual/v2_link2.stl
-- Installing: /home/jcgg/robocol_ws/GcodeMaster/install/robocol_arm_moveit2/share/robocol_arm_moveit2/meshes/visual/v2_link0.stl
-- Installing: /home/jcgg/robocol_ws/GcodeMaster/install/robocol_arm_moveit2/share/robocol_arm_moveit2/meshes/visual/v2_link1.stl
-- Installing: /home/jcgg/robocol_ws/GcodeMaster/install/robocol_arm_moveit2/share/robocol_arm_moveit2/meshes/visual/v2_link3.stl
-- Installing: /home/jcgg/robocol_ws/GcodeMaster/install/robocol_arm_moveit2/share/robocol_arm_moveit2/meshes/oldstl.zip
-- Installing: /home/jcgg/robocol_ws/GcodeMaster/install/robocol_arm_moveit2/share/robocol_arm_moveit2/meshes/collision
-- Installing: /home/jcgg/robocol_ws/GcodeMaster/install/robocol_arm_moveit2/share/robocol_arm_moveit2/meshes/collision/link5.stl
-- Installing: /home/jcgg/robocol_ws/GcodeMaster/install/robocol_arm_moveit2/share/robocol_arm_moveit2/meshes/collision/v2_hand_complete.stl
-- Installing: /home/jcgg/robocol_ws/GcodeMaster/install/robocol_arm_moveit2/share/robocol_arm_moveit2/meshes/collision/v2_finger_D.stl
-- Installing: /home/jcgg/robocol_ws/GcodeMaster/install/robocol_arm_moveit2/share/robocol_arm_moveit2/meshes/collision/hand.stl
-- Installing: /home/jcgg/robocol_ws/GcodeMaster/install/robocol_arm_moveit2/share/robocol_arm_moveit2/meshes/collision/v2_link4.stl
-- Installing: /home/jcgg/robocol_ws/GcodeMaster/install/robocol_arm_moveit2/share/robocol_arm_moveit2/meshes/collision/v2_hand.stl
-- Installing: /home/jcgg/robocol_ws/GcodeMaster/install/robocol_arm_moveit2/share/robocol_arm_moveit2/meshes/collision/v2_finger_I.stl
-- Installing: /home/jcgg/robocol_ws/GcodeMaster/install/robocol_arm_moveit2/share/robocol_arm_moveit2/meshes/collision/v2_link5.stl
-- Installing: /home/jcgg/robocol_ws/GcodeMaster/install/robocol_arm_moveit2/share/robocol_arm_moveit2/meshes/collision/link0.stl
-- Installing: /home/jcgg/robocol_ws/GcodeMaster/install/robocol_arm_moveit2/share/robocol_arm_moveit2/meshes/collision/finger_1.stl
-- Installing: /home/jcgg/robocol_ws/GcodeMaster/install/robocol_arm_moveit2/share/robocol_arm_moveit2/meshes/collision/v2_link2.stl
-- Installing: /home/jcgg/robocol_ws/GcodeMaster/install/robocol_arm_moveit2/share/robocol_arm_moveit2/meshes/collision/link4.stl
-- Installing: /home/jcgg/robocol_ws/GcodeMaster/install/robocol_arm_moveit2/share/robocol_arm_moveit2/meshes/collision/v2_link0.stl
-- Installing: /home/jcgg/robocol_ws/GcodeMaster/install/robocol_arm_moveit2/share/robocol_arm_moveit2/meshes/collision/v2_link1.stl
-- Installing: /home/jcgg/robocol_ws/GcodeMaster/install/robocol_arm_moveit2/share/robocol_arm_moveit2/meshes/collision/link1.stl
-- Installing: /home/jcgg/robocol_ws/GcodeMaster/install/robocol_arm_moveit2/share/robocol_arm_moveit2/meshes/collision/link3.stl
-- Installing: /home/jcgg/robocol_ws/GcodeMaster/install/robocol_arm_moveit2/share/robocol_arm_moveit2/meshes/collision/link2.stl
-- Installing: /home/jcgg/robocol_ws/GcodeMaster/install/robocol_arm_moveit2/share/robocol_arm_moveit2/meshes/collision/v2_link3.stl
-- Installing: /home/jcgg/robocol_ws/GcodeMaster/install/robocol_arm_moveit2/share/robocol_arm_moveit2/meshes/collision/finger_2.stl
-- Installing: /home/jcgg/robocol_ws/GcodeMaster/install/robocol_arm_moveit2/share/robocol_arm_moveit2/meshes/collision/hand_complete.stl
-- Installing: /home/jcgg/robocol_ws/GcodeMaster/install/robocol_arm_moveit2/share/robocol_arm_moveit2/urdf
-- Installing: /home/jcgg/robocol_ws/GcodeMaster/install/robocol_arm_moveit2/share/robocol_arm_moveit2/urdf/robocol_arm.urdf
-- Installing: /home/jcgg/robocol_ws/GcodeMaster/install/robocol_arm_moveit2/share/ament_index/resource_index/package_run_dependencies/robocol_arm_moveit2
-- Installing: /home/jcgg/robocol_ws/GcodeMaster/install/robocol_arm_moveit2/share/ament_index/resource_index/parent_prefix_path/robocol_arm_moveit2
-- Installing: /home/jcgg/robocol_ws/GcodeMaster/install/robocol_arm_moveit2/share/robocol_arm_moveit2/environment/ament_prefix_path.sh
-- Installing: /home/jcgg/robocol_ws/GcodeMaster/install/robocol_arm_moveit2/share/robocol_arm_moveit2/environment/ament_prefix_path.dsv
-- Installing: /home/jcgg/robocol_ws/GcodeMaster/install/robocol_arm_moveit2/share/robocol_arm_moveit2/environment/path.sh
-- Installing: /home/jcgg/robocol_ws/GcodeMaster/install/robocol_arm_moveit2/share/robocol_arm_moveit2/environment/path.dsv
-- Installing: /home/jcgg/robocol_ws/GcodeMaster/install/robocol_arm_moveit2/share/robocol_arm_moveit2/local_setup.bash
-- Installing: /home/jcgg/robocol_ws/GcodeMaster/install/robocol_arm_moveit2/share/robocol_arm_moveit2/local_setup.sh
-- Installing: /home/jcgg/robocol_ws/GcodeMaster/install/robocol_arm_moveit2/share/robocol_arm_moveit2/local_setup.zsh
-- Installing: /home/jcgg/robocol_ws/GcodeMaster/install/robocol_arm_moveit2/share/robocol_arm_moveit2/local_setup.dsv
-- Installing: /home/jcgg/robocol_ws/GcodeMaster/install/robocol_arm_moveit2/share/robocol_arm_moveit2/package.dsv
-- Installing: /home/jcgg/robocol_ws/GcodeMaster/install/robocol_arm_moveit2/share/ament_index/resource_index/packages/robocol_arm_moveit2
-- Installing: /home/jcgg/robocol_ws/GcodeMaster/install/robocol_arm_moveit2/share/robocol_arm_moveit2/cmake/robocol_arm_moveit2Config.cmake
-- Installing: /home/jcgg/robocol_ws/GcodeMaster/install/robocol_arm_moveit2/share/robocol_arm_moveit2/cmake/robocol_arm_moveit2Config-version.cmake
-- Installing: /home/jcgg/robocol_ws/GcodeMaster/install/robocol_arm_moveit2/share/robocol_arm_moveit2/package.xml
