[0.278s] Invoking command in '/home/jcgg/robocol_ws/GcodeMaster/build/robocol_arm_moveit2': CMAKE_PREFIX_PATH=${CMAKE_PREFIX_PATH}:/home/jcgg/ws_moveit/install/moveit_configs_utils:/home/jcgg/robocol_ws/install/gcode_executor:/home/jcgg/robocol_ws/install/btserial_reciever:/opt/ros/humble /usr/bin/cmake /home/jcgg/robocol_ws/GcodeMaster/src/robocol_arm_moveit2 -DCMAKE_INSTALL_PREFIX=/home/jcgg/robocol_ws/GcodeMaster/install/robocol_arm_moveit2
[0.582s] -- The C compiler identification is GNU 11.4.0
[0.583s] -- The CXX compiler identification is GNU 11.4.0
[0.583s] -- Detecting C compiler ABI info
[0.599s] -- Detecting C compiler ABI info - done
[0.607s] -- Check for working C compiler: /usr/bin/cc - skipped
[0.608s] -- Detecting C compile features
[0.608s] -- Detecting C compile features - done
[0.612s] -- Detecting CXX compiler ABI info
[0.733s] -- Detecting CXX compiler ABI info - done
[0.741s] -- Check for working CXX compiler: /usr/bin/c++ - skipped
[0.742s] -- Detecting CXX compile features
[0.742s] -- Detecting CXX compile features - done
[0.755s] -- Found ament_cmake: 1.3.5 (/opt/ros/humble/share/ament_cmake/cmake)
[1.201s] -- Found Python3: /usr/bin/python3.10 (found version "3.10.12") found components: Interpreter 
[1.424s] -- Found moveit_ros_planning_interface: 2.7.4 (/home/jcgg/ws_moveit/install/moveit_ros_planning_interface/share/moveit_ros_planning_interface/cmake)
[1.746s] -- Found Boost: /usr/lib/x86_64-linux-gnu/cmake/Boost-1.74.0/BoostConfig.cmake (found version "1.74.0") found components: date_time filesystem program_options system thread 
[1.895s] -- Found rosidl_generator_c: 3.1.5 (/opt/ros/humble/share/rosidl_generator_c/cmake)
[1.919s] -- Found rosidl_adapter: 3.1.5 (/opt/ros/humble/share/rosidl_adapter/cmake)
[1.948s] -- Found rosidl_generator_cpp: 3.1.5 (/opt/ros/humble/share/rosidl_generator_cpp/cmake)
[1.990s] -- Using all available rosidl_typesupport_c: rosidl_typesupport_fastrtps_c;rosidl_typesupport_introspection_c
[2.043s] -- Using all available rosidl_typesupport_cpp: rosidl_typesupport_fastrtps_cpp;rosidl_typesupport_introspection_cpp
[3.571s] -- Found Boost: /usr/lib/x86_64-linux-gnu/cmake/Boost-1.74.0/BoostConfig.cmake (found version "1.74.0") found components: chrono date_time filesystem iostreams program_options regex serialization system thread 
[3.709s] -- Found parameter_traits: 0.3.6 (/opt/ros/humble/share/parameter_traits/cmake)
[3.882s] -- Found rmw_implementation_cmake: 6.1.1 (/opt/ros/humble/share/rmw_implementation_cmake/cmake)
[3.909s] -- Found rmw_cyclonedds_cpp: 1.3.4 (/opt/ros/humble/share/rmw_cyclonedds_cpp/cmake)
[4.008s] -- Using RMW implementation 'rmw_cyclonedds_cpp' as default
[4.042s] -- Found Threads: TRUE  
[4.310s] -- Found rclcpp_lifecycle: 16.0.6 (/opt/ros/humble/share/rclcpp_lifecycle/cmake)
[4.398s] -- Found Boost: /usr/lib/x86_64-linux-gnu/cmake/Boost-1.74.0/BoostConfig.cmake (found version "1.74.0") found components: filesystem 
[4.627s] -- library: /usr/lib/x86_64-linux-gnu/libcurl.so
[4.896s] -- Found Eigen3: TRUE (found version "3.4.0") 
[4.896s] -- Ensuring Eigen3 include directory is part of orocos-kdl CMake target
[5.895s] -- Found Boost: /usr/lib/x86_64-linux-gnu/cmake/Boost-1.74.0/BoostConfig.cmake (found version "1.74.0") found components: system filesystem date_time program_options thread chrono 
[6.838s] -- Found Boost: /usr/lib/x86_64-linux-gnu/cmake/Boost-1.74.0/BoostConfig.cmake (found version "1.74.0") found components: thread system filesystem regex date_time program_options 
[7.336s] -- Found Boost: /usr/lib/x86_64-linux-gnu/cmake/Boost-1.74.0/BoostConfig.cmake (found version "1.74.0") found components: system filesystem date_time program_options thread 
[7.808s] -- Found moveit_visual_tools: 4.1.0 (/home/jcgg/ws_moveit/install/moveit_visual_tools/share/moveit_visual_tools/cmake)
[8.526s] -- Setting OGRE_DIR to: '/opt/ros/humble/share/rviz_ogre_vendor/cmake/../../../opt/rviz_ogre_vendor/lib/OGRE/cmake'
[8.527s] -- Found OGRE
[8.528s] --   static     : OFF
[8.528s] --   components : HLMS;MeshLodGenerator;Overlay;Paging;Property;RTShaderSystem;Terrain;Volume
[8.528s] --   plugins    : Plugin_BSPSceneManager;Plugin_OctreeSceneManager;Plugin_PCZSceneManager;Plugin_ParticleFX;RenderSystem_GL;RenderSystem_GL3Plus;Codec_STBI
[8.528s] --   media      : /opt/ros/humble/opt/rviz_ogre_vendor/share/OGRE/Media
[8.528s] -- OGRE_LIBRARIES: OgreHLMS;OgreMeshLodGenerator;OgreOverlay;OgrePaging;OgreProperty;OgreRTShaderSystem;OgreTerrain;OgreVolume;OgreMain
[8.528s] -- OGRE_LIBRARY_DIRS: /opt/ros/humble/opt/rviz_ogre_vendor/lib
[8.528s] -- OGRE_PLUGINS: Plugin_BSPSceneManager;Plugin_OctreeSceneManager;Plugin_PCZSceneManager;Plugin_ParticleFX;RenderSystem_GL;RenderSystem_GL3Plus;Codec_STBI
[8.528s] -- OGRE_PLUGIN_DIR: /opt/ros/humble/opt/rviz_ogre_vendor/lib/OGRE
[8.528s] -- rviz_ogre_vendor::OgreOverlay for IMPORTED_LOCATION_RELEASE: /opt/ros/humble/opt/rviz_ogre_vendor/lib/libOgreOverlay.so
[8.528s] -- rviz_ogre_vendor::OgreOverlay for IMPORTED_LOCATION_DEBUG: /opt/ros/humble/opt/rviz_ogre_vendor/lib/libOgreOverlay.so
[8.529s] -- rviz_ogre_vendor::OgreMain for IMPORTED_LOCATION_RELEASE: /opt/ros/humble/opt/rviz_ogre_vendor/lib/libOgreMain.so
[8.529s] -- rviz_ogre_vendor::OgreMain for IMPORTED_LOCATION_DEBUG: /opt/ros/humble/opt/rviz_ogre_vendor/lib/libOgreMain.so
[8.530s] -- Could not find freeimage library
[8.565s] -- Found ZLIB: /usr/lib/x86_64-linux-gnu/libz.so (found version "1.2.11") 
[8.576s] -- Found OpenGL: /usr/lib/x86_64-linux-gnu/libOpenGL.so   
[8.757s] -- Found X11: /usr/include   
[8.758s] -- Looking for XOpenDisplay in /usr/lib/x86_64-linux-gnu/libX11.so;/usr/lib/x86_64-linux-gnu/libXext.so
[8.869s] -- Looking for XOpenDisplay in /usr/lib/x86_64-linux-gnu/libX11.so;/usr/lib/x86_64-linux-gnu/libXext.so - found
[8.869s] -- Looking for gethostbyname
[8.968s] -- Looking for gethostbyname - found
[8.968s] -- Looking for connect
[9.068s] -- Looking for connect - found
[9.068s] -- Looking for remove
[9.170s] -- Looking for remove - found
[9.171s] -- Looking for shmat
[9.272s] -- Looking for shmat - found
[9.272s] -- Looking for IceConnectionNumber in ICE
[9.373s] -- Looking for IceConnectionNumber in ICE - found
[9.376s] -- rviz_ogre_vendor::RenderSystem_GL for IMPORTED_LOCATION_RELEASE: _render_system_gl_static_library_abs-NOTFOUND
[9.376s] -- rviz_ogre_vendor::RenderSystem_GL for IMPORTED_LOCATION_DEBUG: _render_system_gl_static_library_abs-NOTFOUND
[10.702s] -- Found ament_lint_auto: 0.12.8 (/opt/ros/humble/share/ament_lint_auto/cmake)
[10.850s] -- Added test 'cppcheck' to perform static code analysis on C / C++ code
[10.850s] -- Configured cppcheck include dirs: $<BUILD_INTERFACE:/home/jcgg/robocol_ws/GcodeMaster/src/robocol_arm_moveit2/include>
[10.851s] -- Configured cppcheck exclude dirs and/or files: 
[10.854s] -- Added test 'lint_cmake' to check CMake code style
[10.858s] -- Added test 'uncrustify' to check C / C++ code style
[10.858s] -- Configured uncrustify additional arguments: 
[10.860s] -- Added test 'xmllint' to check XML markup files
[10.865s] -- Configuring done
[11.041s] -- Generating done
[11.044s] -- Build files have been written to: /home/jcgg/robocol_ws/GcodeMaster/build/robocol_arm_moveit2
[11.061s] Invoked command in '/home/jcgg/robocol_ws/GcodeMaster/build/robocol_arm_moveit2' returned '0': CMAKE_PREFIX_PATH=${CMAKE_PREFIX_PATH}:/home/jcgg/ws_moveit/install/moveit_configs_utils:/home/jcgg/robocol_ws/install/gcode_executor:/home/jcgg/robocol_ws/install/btserial_reciever:/opt/ros/humble /usr/bin/cmake /home/jcgg/robocol_ws/GcodeMaster/src/robocol_arm_moveit2 -DCMAKE_INSTALL_PREFIX=/home/jcgg/robocol_ws/GcodeMaster/install/robocol_arm_moveit2
[11.064s] Invoking command in '/home/jcgg/robocol_ws/GcodeMaster/build/robocol_arm_moveit2': CMAKE_PREFIX_PATH=${CMAKE_PREFIX_PATH}:/home/jcgg/ws_moveit/install/moveit_configs_utils:/home/jcgg/robocol_ws/install/gcode_executor:/home/jcgg/robocol_ws/install/btserial_reciever:/opt/ros/humble /usr/bin/cmake --build /home/jcgg/robocol_ws/GcodeMaster/build/robocol_arm_moveit2 -- -j8 -l8
[11.157s] [ 10%] [32mBuilding CXX object CMakeFiles/traj_extractor.dir/src/traj_extractor.cpp.o[0m
[11.157s] [ 20%] [32mBuilding CXX object CMakeFiles/pilz_planning.dir/src/pilz_planning.cpp.o[0m
[11.160s] [ 30%] [32mBuilding CXX object CMakeFiles/planning_test.dir/src/planning_test.cpp.o[0m
[11.167s] [ 40%] [32mBuilding CXX object CMakeFiles/main_node.dir/src/main_node.cpp.o[0m
[11.170s] [ 50%] [32mBuilding CXX object CMakeFiles/plan_2_arm.dir/src/plan_2_arm.cpp.o[0m
[24.027s] [ 60%] [32m[1mLinking CXX executable main_node[0m
[24.762s] [ 60%] Built target main_node
[27.073s] [ 70%] [32m[1mLinking CXX executable traj_extractor[0m
[29.223s] [ 70%] Built target traj_extractor
[30.610s] [ 80%] [32m[1mLinking CXX executable plan_2_arm[0m
[32.571s] [ 80%] Built target plan_2_arm
[36.444s] [ 90%] [32m[1mLinking CXX executable pilz_planning[0m
[37.038s] [100%] [32m[1mLinking CXX executable planning_test[0m
[37.834s] [100%] Built target pilz_planning
[38.280s] [100%] Built target planning_test
[38.296s] Invoked command in '/home/jcgg/robocol_ws/GcodeMaster/build/robocol_arm_moveit2' returned '0': CMAKE_PREFIX_PATH=${CMAKE_PREFIX_PATH}:/home/jcgg/ws_moveit/install/moveit_configs_utils:/home/jcgg/robocol_ws/install/gcode_executor:/home/jcgg/robocol_ws/install/btserial_reciever:/opt/ros/humble /usr/bin/cmake --build /home/jcgg/robocol_ws/GcodeMaster/build/robocol_arm_moveit2 -- -j8 -l8
[38.402s] Invoking command in '/home/jcgg/robocol_ws/GcodeMaster/build/robocol_arm_moveit2': CMAKE_PREFIX_PATH=${CMAKE_PREFIX_PATH}:/home/jcgg/ws_moveit/install/moveit_configs_utils:/home/jcgg/robocol_ws/install/gcode_executor:/home/jcgg/robocol_ws/install/btserial_reciever:/opt/ros/humble /usr/bin/cmake --install /home/jcgg/robocol_ws/GcodeMaster/build/robocol_arm_moveit2
[38.414s] -- Install configuration: ""
[38.415s] -- Installing: /home/jcgg/robocol_ws/GcodeMaster/install/robocol_arm_moveit2/lib/robocol_arm_moveit2/main_node
[38.415s] -- Set runtime path of "/home/jcgg/robocol_ws/GcodeMaster/install/robocol_arm_moveit2/lib/robocol_arm_moveit2/main_node" to ""
[38.415s] -- Installing: /home/jcgg/robocol_ws/GcodeMaster/install/robocol_arm_moveit2/lib/robocol_arm_moveit2/planning_test
[38.421s] -- Set runtime path of "/home/jcgg/robocol_ws/GcodeMaster/install/robocol_arm_moveit2/lib/robocol_arm_moveit2/planning_test" to ""
[38.422s] -- Installing: /home/jcgg/robocol_ws/GcodeMaster/install/robocol_arm_moveit2/lib/robocol_arm_moveit2/plan_2_arm
[38.428s] -- Set runtime path of "/home/jcgg/robocol_ws/GcodeMaster/install/robocol_arm_moveit2/lib/robocol_arm_moveit2/plan_2_arm" to ""
[38.428s] -- Installing: /home/jcgg/robocol_ws/GcodeMaster/install/robocol_arm_moveit2/lib/robocol_arm_moveit2/traj_extractor
[38.434s] -- Set runtime path of "/home/jcgg/robocol_ws/GcodeMaster/install/robocol_arm_moveit2/lib/robocol_arm_moveit2/traj_extractor" to ""
[38.434s] -- Installing: /home/jcgg/robocol_ws/GcodeMaster/install/robocol_arm_moveit2/lib/robocol_arm_moveit2/pilz_planning
[38.441s] -- Set runtime path of "/home/jcgg/robocol_ws/GcodeMaster/install/robocol_arm_moveit2/lib/robocol_arm_moveit2/pilz_planning" to ""
[38.441s] -- Installing: /home/jcgg/robocol_ws/GcodeMaster/install/robocol_arm_moveit2/share/robocol_arm_moveit2/meshes
[38.442s] -- Installing: /home/jcgg/robocol_ws/GcodeMaster/install/robocol_arm_moveit2/share/robocol_arm_moveit2/meshes/visual
[38.442s] -- Installing: /home/jcgg/robocol_ws/GcodeMaster/install/robocol_arm_moveit2/share/robocol_arm_moveit2/meshes/visual/v2_hand_complete.stl
[38.460s] -- Installing: /home/jcgg/robocol_ws/GcodeMaster/install/robocol_arm_moveit2/share/robocol_arm_moveit2/meshes/visual/v2_finger_2.stl
[38.461s] -- Installing: /home/jcgg/robocol_ws/GcodeMaster/install/robocol_arm_moveit2/share/robocol_arm_moveit2/meshes/visual/v2_link4.stl
[38.462s] -- Installing: /home/jcgg/robocol_ws/GcodeMaster/install/robocol_arm_moveit2/share/robocol_arm_moveit2/meshes/visual/v1_finger_1.stl
[38.463s] -- Installing: /home/jcgg/robocol_ws/GcodeMaster/install/robocol_arm_moveit2/share/robocol_arm_moveit2/meshes/visual/v2_hand.stl
[38.490s] -- Installing: /home/jcgg/robocol_ws/GcodeMaster/install/robocol_arm_moveit2/share/robocol_arm_moveit2/meshes/visual/v2_link5.stl
[38.491s] -- Installing: /home/jcgg/robocol_ws/GcodeMaster/install/robocol_arm_moveit2/share/robocol_arm_moveit2/meshes/visual/v2_link2.stl
[38.522s] -- Installing: /home/jcgg/robocol_ws/GcodeMaster/install/robocol_arm_moveit2/share/robocol_arm_moveit2/meshes/visual/v2_link0.stl
[38.525s] -- Installing: /home/jcgg/robocol_ws/GcodeMaster/install/robocol_arm_moveit2/share/robocol_arm_moveit2/meshes/visual/v2_link1.stl
[38.528s] -- Installing: /home/jcgg/robocol_ws/GcodeMaster/install/robocol_arm_moveit2/share/robocol_arm_moveit2/meshes/visual/v2_link3.stl
[38.529s] -- Installing: /home/jcgg/robocol_ws/GcodeMaster/install/robocol_arm_moveit2/share/robocol_arm_moveit2/meshes/oldstl.zip
[38.534s] -- Installing: /home/jcgg/robocol_ws/GcodeMaster/install/robocol_arm_moveit2/share/robocol_arm_moveit2/meshes/collision
[38.534s] -- Installing: /home/jcgg/robocol_ws/GcodeMaster/install/robocol_arm_moveit2/share/robocol_arm_moveit2/meshes/collision/link5.stl
[38.535s] -- Installing: /home/jcgg/robocol_ws/GcodeMaster/install/robocol_arm_moveit2/share/robocol_arm_moveit2/meshes/collision/v2_hand_complete.stl
[38.536s] -- Installing: /home/jcgg/robocol_ws/GcodeMaster/install/robocol_arm_moveit2/share/robocol_arm_moveit2/meshes/collision/v2_finger_D.stl
[38.537s] -- Installing: /home/jcgg/robocol_ws/GcodeMaster/install/robocol_arm_moveit2/share/robocol_arm_moveit2/meshes/collision/hand.stl
[38.552s] -- Installing: /home/jcgg/robocol_ws/GcodeMaster/install/robocol_arm_moveit2/share/robocol_arm_moveit2/meshes/collision/v2_link4.stl
[38.552s] -- Installing: /home/jcgg/robocol_ws/GcodeMaster/install/robocol_arm_moveit2/share/robocol_arm_moveit2/meshes/collision/v2_hand.stl
[38.553s] -- Installing: /home/jcgg/robocol_ws/GcodeMaster/install/robocol_arm_moveit2/share/robocol_arm_moveit2/meshes/collision/v2_finger_I.stl
[38.553s] -- Installing: /home/jcgg/robocol_ws/GcodeMaster/install/robocol_arm_moveit2/share/robocol_arm_moveit2/meshes/collision/v2_link5.stl
[38.554s] -- Installing: /home/jcgg/robocol_ws/GcodeMaster/install/robocol_arm_moveit2/share/robocol_arm_moveit2/meshes/collision/link0.stl
[38.555s] -- Installing: /home/jcgg/robocol_ws/GcodeMaster/install/robocol_arm_moveit2/share/robocol_arm_moveit2/meshes/collision/finger_1.stl
[38.556s] -- Installing: /home/jcgg/robocol_ws/GcodeMaster/install/robocol_arm_moveit2/share/robocol_arm_moveit2/meshes/collision/v2_link2.stl
[38.556s] -- Installing: /home/jcgg/robocol_ws/GcodeMaster/install/robocol_arm_moveit2/share/robocol_arm_moveit2/meshes/collision/link4.stl
[38.558s] -- Installing: /home/jcgg/robocol_ws/GcodeMaster/install/robocol_arm_moveit2/share/robocol_arm_moveit2/meshes/collision/v2_link0.stl
[38.559s] -- Installing: /home/jcgg/robocol_ws/GcodeMaster/install/robocol_arm_moveit2/share/robocol_arm_moveit2/meshes/collision/v2_link1.stl
[38.559s] -- Installing: /home/jcgg/robocol_ws/GcodeMaster/install/robocol_arm_moveit2/share/robocol_arm_moveit2/meshes/collision/link1.stl
[38.560s] -- Installing: /home/jcgg/robocol_ws/GcodeMaster/install/robocol_arm_moveit2/share/robocol_arm_moveit2/meshes/collision/link3.stl
[38.563s] -- Installing: /home/jcgg/robocol_ws/GcodeMaster/install/robocol_arm_moveit2/share/robocol_arm_moveit2/meshes/collision/link2.stl
[38.616s] -- Installing: /home/jcgg/robocol_ws/GcodeMaster/install/robocol_arm_moveit2/share/robocol_arm_moveit2/meshes/collision/v2_link3.stl
[38.617s] -- Installing: /home/jcgg/robocol_ws/GcodeMaster/install/robocol_arm_moveit2/share/robocol_arm_moveit2/meshes/collision/finger_2.stl
[38.617s] -- Installing: /home/jcgg/robocol_ws/GcodeMaster/install/robocol_arm_moveit2/share/robocol_arm_moveit2/meshes/collision/hand_complete.stl
[38.635s] -- Installing: /home/jcgg/robocol_ws/GcodeMaster/install/robocol_arm_moveit2/share/robocol_arm_moveit2/urdf
[38.635s] -- Installing: /home/jcgg/robocol_ws/GcodeMaster/install/robocol_arm_moveit2/share/robocol_arm_moveit2/urdf/robocol_arm.urdf
[38.635s] -- Installing: /home/jcgg/robocol_ws/GcodeMaster/install/robocol_arm_moveit2/share/ament_index/resource_index/package_run_dependencies/robocol_arm_moveit2
[38.635s] -- Installing: /home/jcgg/robocol_ws/GcodeMaster/install/robocol_arm_moveit2/share/ament_index/resource_index/parent_prefix_path/robocol_arm_moveit2
[38.636s] -- Installing: /home/jcgg/robocol_ws/GcodeMaster/install/robocol_arm_moveit2/share/robocol_arm_moveit2/environment/ament_prefix_path.sh
[38.636s] -- Installing: /home/jcgg/robocol_ws/GcodeMaster/install/robocol_arm_moveit2/share/robocol_arm_moveit2/environment/ament_prefix_path.dsv
[38.636s] -- Installing: /home/jcgg/robocol_ws/GcodeMaster/install/robocol_arm_moveit2/share/robocol_arm_moveit2/environment/path.sh
[38.636s] -- Installing: /home/jcgg/robocol_ws/GcodeMaster/install/robocol_arm_moveit2/share/robocol_arm_moveit2/environment/path.dsv
[38.636s] -- Installing: /home/jcgg/robocol_ws/GcodeMaster/install/robocol_arm_moveit2/share/robocol_arm_moveit2/local_setup.bash
[38.636s] -- Installing: /home/jcgg/robocol_ws/GcodeMaster/install/robocol_arm_moveit2/share/robocol_arm_moveit2/local_setup.sh
[38.637s] -- Installing: /home/jcgg/robocol_ws/GcodeMaster/install/robocol_arm_moveit2/share/robocol_arm_moveit2/local_setup.zsh
[38.637s] -- Installing: /home/jcgg/robocol_ws/GcodeMaster/install/robocol_arm_moveit2/share/robocol_arm_moveit2/local_setup.dsv
[38.637s] -- Installing: /home/jcgg/robocol_ws/GcodeMaster/install/robocol_arm_moveit2/share/robocol_arm_moveit2/package.dsv
[38.637s] -- Installing: /home/jcgg/robocol_ws/GcodeMaster/install/robocol_arm_moveit2/share/ament_index/resource_index/packages/robocol_arm_moveit2
[38.637s] -- Installing: /home/jcgg/robocol_ws/GcodeMaster/install/robocol_arm_moveit2/share/robocol_arm_moveit2/cmake/robocol_arm_moveit2Config.cmake
[38.637s] -- Installing: /home/jcgg/robocol_ws/GcodeMaster/install/robocol_arm_moveit2/share/robocol_arm_moveit2/cmake/robocol_arm_moveit2Config-version.cmake
[38.638s] -- Installing: /home/jcgg/robocol_ws/GcodeMaster/install/robocol_arm_moveit2/share/robocol_arm_moveit2/package.xml
[38.639s] Invoked command in '/home/jcgg/robocol_ws/GcodeMaster/build/robocol_arm_moveit2' returned '0': CMAKE_PREFIX_PATH=${CMAKE_PREFIX_PATH}:/home/jcgg/ws_moveit/install/moveit_configs_utils:/home/jcgg/robocol_ws/install/gcode_executor:/home/jcgg/robocol_ws/install/btserial_reciever:/opt/ros/humble /usr/bin/cmake --install /home/jcgg/robocol_ws/GcodeMaster/build/robocol_arm_moveit2
