[35m[1mConsolidate compiler generated dependencies of target main_node[0m
[35m[1mConsolidate compiler generated dependencies of target pilz_planning[0m
[35m[1mConsolidate compiler generated dependencies of target plan_2_arm[0m
[35m[1mConsolidate compiler generated dependencies of target traj_extractor[0m
[35m[1mConsolidate compiler generated dependencies of target planning_test[0m
[ 20%] Built target main_node
[ 40%] Built target traj_extractor
[ 60%] Built target plan_2_arm
[ 80%] Built target pilz_planning
[100%] Built target planning_test
-- Install configuration: ""
-- Up-to-date: /home/jcgg/robocol_ws/GcodeMaster/install/robocol_arm_moveit2/lib/robocol_arm_moveit2/main_node
-- Up-to-date: /home/jcgg/robocol_ws/GcodeMaster/install/robocol_arm_moveit2/lib/robocol_arm_moveit2/planning_test
-- Up-to-date: /home/jcgg/robocol_ws/GcodeMaster/install/robocol_arm_moveit2/lib/robocol_arm_moveit2/plan_2_arm
-- Up-to-date: /home/jcgg/robocol_ws/GcodeMaster/install/robocol_arm_moveit2/lib/robocol_arm_moveit2/traj_extractor
-- Up-to-date: /home/jcgg/robocol_ws/GcodeMaster/install/robocol_arm_moveit2/lib/robocol_arm_moveit2/pilz_planning
-- Up-to-date: /home/jcgg/robocol_ws/GcodeMaster/install/robocol_arm_moveit2/share/robocol_arm_moveit2/meshes
-- Up-to-date: /home/jcgg/robocol_ws/GcodeMaster/install/robocol_arm_moveit2/share/robocol_arm_moveit2/meshes/visual
-- Up-to-date: /home/jcgg/robocol_ws/GcodeMaster/install/robocol_arm_moveit2/share/robocol_arm_moveit2/meshes/visual/v2_hand_complete.stl
-- Up-to-date: /home/jcgg/robocol_ws/GcodeMaster/install/robocol_arm_moveit2/share/robocol_arm_moveit2/meshes/visual/v2_finger_2.stl
-- Up-to-date: /home/jcgg/robocol_ws/GcodeMaster/install/robocol_arm_moveit2/share/robocol_arm_moveit2/meshes/visual/v2_link4.stl
-- Up-to-date: /home/jcgg/robocol_ws/GcodeMaster/install/robocol_arm_moveit2/share/robocol_arm_moveit2/meshes/visual/v1_finger_1.stl
-- Up-to-date: /home/jcgg/robocol_ws/GcodeMaster/install/robocol_arm_moveit2/share/robocol_arm_moveit2/meshes/visual/v2_hand.stl
-- Up-to-date: /home/jcgg/robocol_ws/GcodeMaster/install/robocol_arm_moveit2/share/robocol_arm_moveit2/meshes/visual/v2_link5.stl
-- Up-to-date: /home/jcgg/robocol_ws/GcodeMaster/install/robocol_arm_moveit2/share/robocol_arm_moveit2/meshes/visual/v2_link2.stl
-- Up-to-date: /home/jcgg/robocol_ws/GcodeMaster/install/robocol_arm_moveit2/share/robocol_arm_moveit2/meshes/visual/v2_link0.stl
-- Up-to-date: /home/jcgg/robocol_ws/GcodeMaster/install/robocol_arm_moveit2/share/robocol_arm_moveit2/meshes/visual/v2_link1.stl
-- Up-to-date: /home/jcgg/robocol_ws/GcodeMaster/install/robocol_arm_moveit2/share/robocol_arm_moveit2/meshes/visual/v2_link3.stl
-- Up-to-date: /home/jcgg/robocol_ws/GcodeMaster/install/robocol_arm_moveit2/share/robocol_arm_moveit2/meshes/oldstl.zip
-- Up-to-date: /home/jcgg/robocol_ws/GcodeMaster/install/robocol_arm_moveit2/share/robocol_arm_moveit2/meshes/collision
-- Up-to-date: /home/jcgg/robocol_ws/GcodeMaster/install/robocol_arm_moveit2/share/robocol_arm_moveit2/meshes/collision/link5.stl
-- Up-to-date: /home/jcgg/robocol_ws/GcodeMaster/install/robocol_arm_moveit2/share/robocol_arm_moveit2/meshes/collision/v2_hand_complete.stl
-- Up-to-date: /home/jcgg/robocol_ws/GcodeMaster/install/robocol_arm_moveit2/share/robocol_arm_moveit2/meshes/collision/v2_finger_D.stl
-- Up-to-date: /home/jcgg/robocol_ws/GcodeMaster/install/robocol_arm_moveit2/share/robocol_arm_moveit2/meshes/collision/hand.stl
-- Up-to-date: /home/jcgg/robocol_ws/GcodeMaster/install/robocol_arm_moveit2/share/robocol_arm_moveit2/meshes/collision/v2_link4.stl
-- Up-to-date: /home/jcgg/robocol_ws/GcodeMaster/install/robocol_arm_moveit2/share/robocol_arm_moveit2/meshes/collision/v2_hand.stl
-- Up-to-date: /home/jcgg/robocol_ws/GcodeMaster/install/robocol_arm_moveit2/share/robocol_arm_moveit2/meshes/collision/v2_finger_I.stl
-- Up-to-date: /home/jcgg/robocol_ws/GcodeMaster/install/robocol_arm_moveit2/share/robocol_arm_moveit2/meshes/collision/v2_link5.stl
-- Up-to-date: /home/jcgg/robocol_ws/GcodeMaster/install/robocol_arm_moveit2/share/robocol_arm_moveit2/meshes/collision/link0.stl
-- Up-to-date: /home/jcgg/robocol_ws/GcodeMaster/install/robocol_arm_moveit2/share/robocol_arm_moveit2/meshes/collision/finger_1.stl
-- Up-to-date: /home/jcgg/robocol_ws/GcodeMaster/install/robocol_arm_moveit2/share/robocol_arm_moveit2/meshes/collision/v2_link2.stl
-- Up-to-date: /home/jcgg/robocol_ws/GcodeMaster/install/robocol_arm_moveit2/share/robocol_arm_moveit2/meshes/collision/link4.stl
-- Up-to-date: /home/jcgg/robocol_ws/GcodeMaster/install/robocol_arm_moveit2/share/robocol_arm_moveit2/meshes/collision/v2_link0.stl
-- Up-to-date: /home/jcgg/robocol_ws/GcodeMaster/install/robocol_arm_moveit2/share/robocol_arm_moveit2/meshes/collision/v2_link1.stl
-- Up-to-date: /home/jcgg/robocol_ws/GcodeMaster/install/robocol_arm_moveit2/share/robocol_arm_moveit2/meshes/collision/link1.stl
-- Up-to-date: /home/jcgg/robocol_ws/GcodeMaster/install/robocol_arm_moveit2/share/robocol_arm_moveit2/meshes/collision/link3.stl
-- Up-to-date: /home/jcgg/robocol_ws/GcodeMaster/install/robocol_arm_moveit2/share/robocol_arm_moveit2/meshes/collision/link2.stl
-- Up-to-date: /home/jcgg/robocol_ws/GcodeMaster/install/robocol_arm_moveit2/share/robocol_arm_moveit2/meshes/collision/v2_link3.stl
-- Up-to-date: /home/jcgg/robocol_ws/GcodeMaster/install/robocol_arm_moveit2/share/robocol_arm_moveit2/meshes/collision/finger_2.stl
-- Up-to-date: /home/jcgg/robocol_ws/GcodeMaster/install/robocol_arm_moveit2/share/robocol_arm_moveit2/meshes/collision/hand_complete.stl
-- Up-to-date: /home/jcgg/robocol_ws/GcodeMaster/install/robocol_arm_moveit2/share/robocol_arm_moveit2/urdf
-- Up-to-date: /home/jcgg/robocol_ws/GcodeMaster/install/robocol_arm_moveit2/share/robocol_arm_moveit2/urdf/robocol_arm.urdf
-- Up-to-date: /home/jcgg/robocol_ws/GcodeMaster/install/robocol_arm_moveit2/share/ament_index/resource_index/package_run_dependencies/robocol_arm_moveit2
-- Up-to-date: /home/jcgg/robocol_ws/GcodeMaster/install/robocol_arm_moveit2/share/ament_index/resource_index/parent_prefix_path/robocol_arm_moveit2
-- Up-to-date: /home/jcgg/robocol_ws/GcodeMaster/install/robocol_arm_moveit2/share/robocol_arm_moveit2/environment/ament_prefix_path.sh
-- Up-to-date: /home/jcgg/robocol_ws/GcodeMaster/install/robocol_arm_moveit2/share/robocol_arm_moveit2/environment/ament_prefix_path.dsv
-- Up-to-date: /home/jcgg/robocol_ws/GcodeMaster/install/robocol_arm_moveit2/share/robocol_arm_moveit2/environment/path.sh
-- Up-to-date: /home/jcgg/robocol_ws/GcodeMaster/install/robocol_arm_moveit2/share/robocol_arm_moveit2/environment/path.dsv
-- Up-to-date: /home/jcgg/robocol_ws/GcodeMaster/install/robocol_arm_moveit2/share/robocol_arm_moveit2/local_setup.bash
-- Up-to-date: /home/jcgg/robocol_ws/GcodeMaster/install/robocol_arm_moveit2/share/robocol_arm_moveit2/local_setup.sh
-- Up-to-date: /home/jcgg/robocol_ws/GcodeMaster/install/robocol_arm_moveit2/share/robocol_arm_moveit2/local_setup.zsh
-- Up-to-date: /home/jcgg/robocol_ws/GcodeMaster/install/robocol_arm_moveit2/share/robocol_arm_moveit2/local_setup.dsv
-- Installing: /home/jcgg/robocol_ws/GcodeMaster/install/robocol_arm_moveit2/share/robocol_arm_moveit2/package.dsv
-- Up-to-date: /home/jcgg/robocol_ws/GcodeMaster/install/robocol_arm_moveit2/share/ament_index/resource_index/packages/robocol_arm_moveit2
-- Up-to-date: /home/jcgg/robocol_ws/GcodeMaster/install/robocol_arm_moveit2/share/robocol_arm_moveit2/cmake/robocol_arm_moveit2Config.cmake
-- Up-to-date: /home/jcgg/robocol_ws/GcodeMaster/install/robocol_arm_moveit2/share/robocol_arm_moveit2/cmake/robocol_arm_moveit2Config-version.cmake
-- Up-to-date: /home/jcgg/robocol_ws/GcodeMaster/install/robocol_arm_moveit2/share/robocol_arm_moveit2/package.xml
