[0.292s] Invoking command in '/home/jcgg/robocol_ws/GcodeMaster/build/robocol_arm_moveit2': CMAKE_PREFIX_PATH=${CMAKE_PREFIX_PATH}:/home/jcgg/ws_moveit/install/moveit_configs_utils:/home/jcgg/robocol_ws/install/gcode_executor:/home/jcgg/robocol_ws/install/btserial_reciever:/opt/ros/humble /usr/bin/cmake --build /home/jcgg/robocol_ws/GcodeMaster/build/robocol_arm_moveit2 -- -j8 -l8
[0.625s] [35m[1mConsolidate compiler generated dependencies of target main_node[0m
[0.626s] [35m[1mConsolidate compiler generated dependencies of target pilz_planning[0m
[0.626s] [35m[1mConsolidate compiler generated dependencies of target plan_2_arm[0m
[0.627s] [35m[1mConsolidate compiler generated dependencies of target traj_extractor[0m
[0.627s] [35m[1mConsolidate compiler generated dependencies of target planning_test[0m
[0.627s] [ 20%] Built target main_node
[0.627s] [ 40%] Built target traj_extractor
[0.627s] [ 60%] Built target plan_2_arm
[0.627s] [ 80%] Built target pilz_planning
[0.627s] [100%] Built target planning_test
[0.918s] Invoked command in '/home/jcgg/robocol_ws/GcodeMaster/build/robocol_arm_moveit2' returned '0': CMAKE_PREFIX_PATH=${CMAKE_PREFIX_PATH}:/home/jcgg/ws_moveit/install/moveit_configs_utils:/home/jcgg/robocol_ws/install/gcode_executor:/home/jcgg/robocol_ws/install/btserial_reciever:/opt/ros/humble /usr/bin/cmake --build /home/jcgg/robocol_ws/GcodeMaster/build/robocol_arm_moveit2 -- -j8 -l8
[1.033s] Invoking command in '/home/jcgg/robocol_ws/GcodeMaster/build/robocol_arm_moveit2': CMAKE_PREFIX_PATH=${CMAKE_PREFIX_PATH}:/home/jcgg/ws_moveit/install/moveit_configs_utils:/home/jcgg/robocol_ws/install/gcode_executor:/home/jcgg/robocol_ws/install/btserial_reciever:/opt/ros/humble /usr/bin/cmake --install /home/jcgg/robocol_ws/GcodeMaster/build/robocol_arm_moveit2
[1.046s] -- Install configuration: ""
[1.046s] -- Up-to-date: /home/jcgg/robocol_ws/GcodeMaster/install/robocol_arm_moveit2/lib/robocol_arm_moveit2/main_node
[1.047s] -- Up-to-date: /home/jcgg/robocol_ws/GcodeMaster/install/robocol_arm_moveit2/lib/robocol_arm_moveit2/planning_test
[1.047s] -- Up-to-date: /home/jcgg/robocol_ws/GcodeMaster/install/robocol_arm_moveit2/lib/robocol_arm_moveit2/plan_2_arm
[1.048s] -- Up-to-date: /home/jcgg/robocol_ws/GcodeMaster/install/robocol_arm_moveit2/lib/robocol_arm_moveit2/traj_extractor
[1.048s] -- Up-to-date: /home/jcgg/robocol_ws/GcodeMaster/install/robocol_arm_moveit2/lib/robocol_arm_moveit2/pilz_planning
[1.049s] -- Up-to-date: /home/jcgg/robocol_ws/GcodeMaster/install/robocol_arm_moveit2/share/robocol_arm_moveit2/meshes
[1.049s] -- Up-to-date: /home/jcgg/robocol_ws/GcodeMaster/install/robocol_arm_moveit2/share/robocol_arm_moveit2/meshes/visual
[1.049s] -- Up-to-date: /home/jcgg/robocol_ws/GcodeMaster/install/robocol_arm_moveit2/share/robocol_arm_moveit2/meshes/visual/v2_hand_complete.stl
[1.050s] -- Up-to-date: /home/jcgg/robocol_ws/GcodeMaster/install/robocol_arm_moveit2/share/robocol_arm_moveit2/meshes/visual/v2_finger_2.stl
[1.050s] -- Up-to-date: /home/jcgg/robocol_ws/GcodeMaster/install/robocol_arm_moveit2/share/robocol_arm_moveit2/meshes/visual/v2_link4.stl
[1.050s] -- Up-to-date: /home/jcgg/robocol_ws/GcodeMaster/install/robocol_arm_moveit2/share/robocol_arm_moveit2/meshes/visual/v1_finger_1.stl
[1.050s] -- Up-to-date: /home/jcgg/robocol_ws/GcodeMaster/install/robocol_arm_moveit2/share/robocol_arm_moveit2/meshes/visual/v2_hand.stl
[1.050s] -- Up-to-date: /home/jcgg/robocol_ws/GcodeMaster/install/robocol_arm_moveit2/share/robocol_arm_moveit2/meshes/visual/v2_link5.stl
[1.050s] -- Up-to-date: /home/jcgg/robocol_ws/GcodeMaster/install/robocol_arm_moveit2/share/robocol_arm_moveit2/meshes/visual/v2_link2.stl
[1.051s] -- Up-to-date: /home/jcgg/robocol_ws/GcodeMaster/install/robocol_arm_moveit2/share/robocol_arm_moveit2/meshes/visual/v2_link0.stl
[1.051s] -- Up-to-date: /home/jcgg/robocol_ws/GcodeMaster/install/robocol_arm_moveit2/share/robocol_arm_moveit2/meshes/visual/v2_link1.stl
[1.051s] -- Up-to-date: /home/jcgg/robocol_ws/GcodeMaster/install/robocol_arm_moveit2/share/robocol_arm_moveit2/meshes/visual/v2_link3.stl
[1.051s] -- Up-to-date: /home/jcgg/robocol_ws/GcodeMaster/install/robocol_arm_moveit2/share/robocol_arm_moveit2/meshes/oldstl.zip
[1.051s] -- Up-to-date: /home/jcgg/robocol_ws/GcodeMaster/install/robocol_arm_moveit2/share/robocol_arm_moveit2/meshes/collision
[1.051s] -- Up-to-date: /home/jcgg/robocol_ws/GcodeMaster/install/robocol_arm_moveit2/share/robocol_arm_moveit2/meshes/collision/link5.stl
[1.051s] -- Up-to-date: /home/jcgg/robocol_ws/GcodeMaster/install/robocol_arm_moveit2/share/robocol_arm_moveit2/meshes/collision/v2_hand_complete.stl
[1.051s] -- Up-to-date: /home/jcgg/robocol_ws/GcodeMaster/install/robocol_arm_moveit2/share/robocol_arm_moveit2/meshes/collision/v2_finger_D.stl
[1.052s] -- Up-to-date: /home/jcgg/robocol_ws/GcodeMaster/install/robocol_arm_moveit2/share/robocol_arm_moveit2/meshes/collision/hand.stl
[1.052s] -- Up-to-date: /home/jcgg/robocol_ws/GcodeMaster/install/robocol_arm_moveit2/share/robocol_arm_moveit2/meshes/collision/v2_link4.stl
[1.052s] -- Up-to-date: /home/jcgg/robocol_ws/GcodeMaster/install/robocol_arm_moveit2/share/robocol_arm_moveit2/meshes/collision/v2_hand.stl
[1.052s] -- Up-to-date: /home/jcgg/robocol_ws/GcodeMaster/install/robocol_arm_moveit2/share/robocol_arm_moveit2/meshes/collision/v2_finger_I.stl
[1.052s] -- Up-to-date: /home/jcgg/robocol_ws/GcodeMaster/install/robocol_arm_moveit2/share/robocol_arm_moveit2/meshes/collision/v2_link5.stl
[1.052s] -- Up-to-date: /home/jcgg/robocol_ws/GcodeMaster/install/robocol_arm_moveit2/share/robocol_arm_moveit2/meshes/collision/link0.stl
[1.052s] -- Up-to-date: /home/jcgg/robocol_ws/GcodeMaster/install/robocol_arm_moveit2/share/robocol_arm_moveit2/meshes/collision/finger_1.stl
[1.053s] -- Up-to-date: /home/jcgg/robocol_ws/GcodeMaster/install/robocol_arm_moveit2/share/robocol_arm_moveit2/meshes/collision/v2_link2.stl
[1.053s] -- Up-to-date: /home/jcgg/robocol_ws/GcodeMaster/install/robocol_arm_moveit2/share/robocol_arm_moveit2/meshes/collision/link4.stl
[1.054s] -- Up-to-date: /home/jcgg/robocol_ws/GcodeMaster/install/robocol_arm_moveit2/share/robocol_arm_moveit2/meshes/collision/v2_link0.stl
[1.054s] -- Up-to-date: /home/jcgg/robocol_ws/GcodeMaster/install/robocol_arm_moveit2/share/robocol_arm_moveit2/meshes/collision/v2_link1.stl
[1.054s] -- Up-to-date: /home/jcgg/robocol_ws/GcodeMaster/install/robocol_arm_moveit2/share/robocol_arm_moveit2/meshes/collision/link1.stl
[1.054s] -- Up-to-date: /home/jcgg/robocol_ws/GcodeMaster/install/robocol_arm_moveit2/share/robocol_arm_moveit2/meshes/collision/link3.stl
[1.055s] -- Up-to-date: /home/jcgg/robocol_ws/GcodeMaster/install/robocol_arm_moveit2/share/robocol_arm_moveit2/meshes/collision/link2.stl
[1.055s] -- Up-to-date: /home/jcgg/robocol_ws/GcodeMaster/install/robocol_arm_moveit2/share/robocol_arm_moveit2/meshes/collision/v2_link3.stl
[1.055s] -- Up-to-date: /home/jcgg/robocol_ws/GcodeMaster/install/robocol_arm_moveit2/share/robocol_arm_moveit2/meshes/collision/finger_2.stl
[1.055s] -- Up-to-date: /home/jcgg/robocol_ws/GcodeMaster/install/robocol_arm_moveit2/share/robocol_arm_moveit2/meshes/collision/hand_complete.stl
[1.055s] -- Up-to-date: /home/jcgg/robocol_ws/GcodeMaster/install/robocol_arm_moveit2/share/robocol_arm_moveit2/urdf
[1.055s] -- Up-to-date: /home/jcgg/robocol_ws/GcodeMaster/install/robocol_arm_moveit2/share/robocol_arm_moveit2/urdf/robocol_arm.urdf
[1.055s] -- Up-to-date: /home/jcgg/robocol_ws/GcodeMaster/install/robocol_arm_moveit2/share/ament_index/resource_index/package_run_dependencies/robocol_arm_moveit2
[1.055s] -- Up-to-date: /home/jcgg/robocol_ws/GcodeMaster/install/robocol_arm_moveit2/share/ament_index/resource_index/parent_prefix_path/robocol_arm_moveit2
[1.055s] -- Up-to-date: /home/jcgg/robocol_ws/GcodeMaster/install/robocol_arm_moveit2/share/robocol_arm_moveit2/environment/ament_prefix_path.sh
[1.056s] -- Up-to-date: /home/jcgg/robocol_ws/GcodeMaster/install/robocol_arm_moveit2/share/robocol_arm_moveit2/environment/ament_prefix_path.dsv
[1.056s] -- Up-to-date: /home/jcgg/robocol_ws/GcodeMaster/install/robocol_arm_moveit2/share/robocol_arm_moveit2/environment/path.sh
[1.056s] -- Up-to-date: /home/jcgg/robocol_ws/GcodeMaster/install/robocol_arm_moveit2/share/robocol_arm_moveit2/environment/path.dsv
[1.056s] -- Up-to-date: /home/jcgg/robocol_ws/GcodeMaster/install/robocol_arm_moveit2/share/robocol_arm_moveit2/local_setup.bash
[1.056s] -- Up-to-date: /home/jcgg/robocol_ws/GcodeMaster/install/robocol_arm_moveit2/share/robocol_arm_moveit2/local_setup.sh
[1.056s] -- Up-to-date: /home/jcgg/robocol_ws/GcodeMaster/install/robocol_arm_moveit2/share/robocol_arm_moveit2/local_setup.zsh
[1.056s] -- Up-to-date: /home/jcgg/robocol_ws/GcodeMaster/install/robocol_arm_moveit2/share/robocol_arm_moveit2/local_setup.dsv
[1.056s] -- Installing: /home/jcgg/robocol_ws/GcodeMaster/install/robocol_arm_moveit2/share/robocol_arm_moveit2/package.dsv
[1.056s] -- Up-to-date: /home/jcgg/robocol_ws/GcodeMaster/install/robocol_arm_moveit2/share/ament_index/resource_index/packages/robocol_arm_moveit2
[1.056s] -- Up-to-date: /home/jcgg/robocol_ws/GcodeMaster/install/robocol_arm_moveit2/share/robocol_arm_moveit2/cmake/robocol_arm_moveit2Config.cmake
[1.056s] -- Up-to-date: /home/jcgg/robocol_ws/GcodeMaster/install/robocol_arm_moveit2/share/robocol_arm_moveit2/cmake/robocol_arm_moveit2Config-version.cmake
[1.057s] -- Up-to-date: /home/jcgg/robocol_ws/GcodeMaster/install/robocol_arm_moveit2/share/robocol_arm_moveit2/package.xml
[1.057s] Invoked command in '/home/jcgg/robocol_ws/GcodeMaster/build/robocol_arm_moveit2' returned '0': CMAKE_PREFIX_PATH=${CMAKE_PREFIX_PATH}:/home/jcgg/ws_moveit/install/moveit_configs_utils:/home/jcgg/robocol_ws/install/gcode_executor:/home/jcgg/robocol_ws/install/btserial_reciever:/opt/ros/humble /usr/bin/cmake --install /home/jcgg/robocol_ws/GcodeMaster/build/robocol_arm_moveit2
